{"/home/ichimaru/git/pg_editor/playwright.config.ts": {"path":"/home/ichimaru/git/pg_editor/playwright.config.ts","all":true,"statementMap":{"0":{"start":{"line":1,"column":0},"end":{"line":1,"column":56}},"2":{"start":{"line":3,"column":0},"end":{"line":3,"column":29}},"3":{"start":{"line":4,"column":0},"end":{"line":4,"column":19}},"4":{"start":{"line":5,"column":0},"end":{"line":5,"column":22}},"5":{"start":{"line":6,"column":0},"end":{"line":6,"column":31}},"6":{"start":{"line":7,"column":0},"end":{"line":7,"column":34}},"7":{"start":{"line":8,"column":0},"end":{"line":8,"column":42}},"8":{"start":{"line":9,"column":0},"end":{"line":9,"column":19}},"9":{"start":{"line":10,"column":0},"end":{"line":10,"column":8}},"10":{"start":{"line":11,"column":0},"end":{"line":11,"column":37}},"11":{"start":{"line":12,"column":0},"end":{"line":12,"column":28}},"12":{"start":{"line":13,"column":0},"end":{"line":13,"column":4}},"14":{"start":{"line":15,"column":0},"end":{"line":15,"column":13}},"15":{"start":{"line":16,"column":0},"end":{"line":16,"column":5}},"16":{"start":{"line":17,"column":0},"end":{"line":17,"column":23}},"17":{"start":{"line":18,"column":0},"end":{"line":18,"column":44}},"18":{"start":{"line":19,"column":0},"end":{"line":19,"column":6}},"19":{"start":{"line":20,"column":0},"end":{"line":20,"column":5}},"20":{"start":{"line":21,"column":0},"end":{"line":21,"column":22}},"21":{"start":{"line":22,"column":0},"end":{"line":22,"column":45}},"22":{"start":{"line":23,"column":0},"end":{"line":23,"column":6}},"23":{"start":{"line":24,"column":0},"end":{"line":24,"column":5}},"24":{"start":{"line":25,"column":0},"end":{"line":25,"column":21}},"25":{"start":{"line":26,"column":0},"end":{"line":26,"column":44}},"26":{"start":{"line":27,"column":0},"end":{"line":27,"column":6}},"27":{"start":{"line":28,"column":0},"end":{"line":28,"column":4}},"29":{"start":{"line":30,"column":0},"end":{"line":30,"column":14}},"30":{"start":{"line":31,"column":0},"end":{"line":31,"column":27}},"31":{"start":{"line":32,"column":0},"end":{"line":32,"column":15}},"32":{"start":{"line":33,"column":0},"end":{"line":33,"column":41}},"33":{"start":{"line":34,"column":0},"end":{"line":34,"column":4}},"34":{"start":{"line":35,"column":0},"end":{"line":35,"column":2}}},"s":{"0":0,"2":0,"3":0,"4":0,"5":0,"6":0,"7":0,"8":0,"9":0,"10":0,"11":0,"12":0,"14":0,"15":0,"16":0,"17":0,"18":0,"19":0,"20":0,"21":0,"22":0,"23":0,"24":0,"25":0,"26":0,"27":0,"29":0,"30":0,"31":0,"32":0,"33":0,"34":0},"branchMap":{"0":{"type":"branch","line":1,"loc":{"start":{"line":1,"column":0},"end":{"line":35,"column":-140}},"locations":[{"start":{"line":1,"column":0},"end":{"line":35,"column":-140}}]}},"b":{"0":[0]},"fnMap":{"0":{"name":"(empty-report)","decl":{"start":{"line":1,"column":0},"end":{"line":35,"column":-140}},"loc":{"start":{"line":1,"column":0},"end":{"line":35,"column":-140}},"line":1}},"f":{"0":0}}
,"/home/ichimaru/git/pg_editor/postcss.config.js": {"path":"/home/ichimaru/git/pg_editor/postcss.config.js","all":true,"statementMap":{"0":{"start":{"line":1,"column":0},"end":{"line":1,"column":16}},"1":{"start":{"line":2,"column":0},"end":{"line":2,"column":12}},"2":{"start":{"line":3,"column":0},"end":{"line":3,"column":20}},"3":{"start":{"line":4,"column":0},"end":{"line":4,"column":21}},"4":{"start":{"line":5,"column":0},"end":{"line":5,"column":4}},"5":{"start":{"line":6,"column":0},"end":{"line":6,"column":1}}},"s":{"0":0,"1":0,"2":0,"3":0,"4":0,"5":0},"branchMap":{"0":{"type":"branch","line":1,"loc":{"start":{"line":1,"column":0},"end":{"line":6,"column":-11}},"locations":[{"start":{"line":1,"column":0},"end":{"line":6,"column":-11}}]}},"b":{"0":[0]},"fnMap":{"0":{"name":"(empty-report)","decl":{"start":{"line":1,"column":0},"end":{"line":6,"column":-11}},"loc":{"start":{"line":1,"column":0},"end":{"line":6,"column":-11}},"line":1}},"f":{"0":0}}
,"/home/ichimaru/git/pg_editor/tailwind.config.js": {"path":"/home/ichimaru/git/pg_editor/tailwind.config.js","all":true,"statementMap":{"0":{"start":{"line":1,"column":0},"end":{"line":1,"column":43}},"1":{"start":{"line":2,"column":0},"end":{"line":2,"column":16}},"2":{"start":{"line":3,"column":0},"end":{"line":3,"column":12}},"3":{"start":{"line":4,"column":0},"end":{"line":4,"column":19}},"4":{"start":{"line":5,"column":0},"end":{"line":5,"column":33}},"5":{"start":{"line":6,"column":0},"end":{"line":6,"column":4}},"6":{"start":{"line":7,"column":0},"end":{"line":7,"column":20}},"7":{"start":{"line":8,"column":0},"end":{"line":8,"column":10}},"8":{"start":{"line":9,"column":0},"end":{"line":9,"column":13}},"9":{"start":{"line":10,"column":0},"end":{"line":10,"column":15}},"10":{"start":{"line":11,"column":0},"end":{"line":11,"column":31}},"11":{"start":{"line":12,"column":0},"end":{"line":12,"column":36}},"12":{"start":{"line":13,"column":0},"end":{"line":13,"column":37}},"13":{"start":{"line":14,"column":0},"end":{"line":14,"column":35}},"14":{"start":{"line":15,"column":0},"end":{"line":15,"column":33}},"15":{"start":{"line":16,"column":0},"end":{"line":16,"column":38}},"16":{"start":{"line":17,"column":0},"end":{"line":17,"column":37}},"17":{"start":{"line":18,"column":0},"end":{"line":18,"column":8}},"18":{"start":{"line":19,"column":0},"end":{"line":19,"column":19}},"19":{"start":{"line":20,"column":0},"end":{"line":20,"column":66}},"20":{"start":{"line":21,"column":0},"end":{"line":21,"column":7}},"21":{"start":{"line":22,"column":0},"end":{"line":22,"column":6}},"22":{"start":{"line":23,"column":0},"end":{"line":23,"column":4}},"23":{"start":{"line":24,"column":0},"end":{"line":24,"column":14}},"24":{"start":{"line":25,"column":0},"end":{"line":25,"column":1}}},"s":{"0":0,"1":0,"2":0,"3":0,"4":0,"5":0,"6":0,"7":0,"8":0,"9":0,"10":0,"11":0,"12":0,"13":0,"14":0,"15":0,"16":0,"17":0,"18":0,"19":0,"20":0,"21":0,"22":0,"23":0,"24":0},"branchMap":{"0":{"type":"branch","line":1,"loc":{"start":{"line":1,"column":0},"end":{"line":25,"column":-13}},"locations":[{"start":{"line":1,"column":0},"end":{"line":25,"column":-13}}]}},"b":{"0":[0]},"fnMap":{"0":{"name":"(empty-report)","decl":{"start":{"line":1,"column":0},"end":{"line":25,"column":-13}},"loc":{"start":{"line":1,"column":0},"end":{"line":25,"column":-13}},"line":1}},"f":{"0":0}}
,"/home/ichimaru/git/pg_editor/src/App.tsx": {"path":"/home/ichimaru/git/pg_editor/src/App.tsx","all":false,"statementMap":{"0":{"start":{"line":1,"column":0},"end":{"line":1,"column":43}},"1":{"start":{"line":2,"column":0},"end":{"line":2,"column":40}},"3":{"start":{"line":4,"column":0},"end":{"line":4,"column":55}},"4":{"start":{"line":5,"column":0},"end":{"line":5,"column":65}},"5":{"start":{"line":6,"column":0},"end":{"line":6,"column":61}},"6":{"start":{"line":7,"column":0},"end":{"line":7,"column":49}},"7":{"start":{"line":8,"column":0},"end":{"line":8,"column":60}},"9":{"start":{"line":10,"column":0},"end":{"line":10,"column":23}},"10":{"start":{"line":11,"column":0},"end":{"line":11,"column":62}},"11":{"start":{"line":12,"column":0},"end":{"line":12,"column":45}},"12":{"start":{"line":13,"column":0},"end":{"line":13,"column":40}},"14":{"start":{"line":15,"column":0},"end":{"line":15,"column":51}},"15":{"start":{"line":16,"column":0},"end":{"line":16,"column":31}},"16":{"start":{"line":17,"column":0},"end":{"line":17,"column":39}},"17":{"start":{"line":18,"column":0},"end":{"line":18,"column":61}},"19":{"start":{"line":20,"column":0},"end":{"line":20,"column":27}},"20":{"start":{"line":21,"column":0},"end":{"line":21,"column":34}},"21":{"start":{"line":22,"column":0},"end":{"line":22,"column":30}},"22":{"start":{"line":23,"column":0},"end":{"line":23,"column":30}},"23":{"start":{"line":24,"column":0},"end":{"line":24,"column":30}},"24":{"start":{"line":25,"column":0},"end":{"line":25,"column":23}},"25":{"start":{"line":26,"column":0},"end":{"line":26,"column":7}},"27":{"start":{"line":28,"column":0},"end":{"line":28,"column":42}},"28":{"start":{"line":29,"column":0},"end":{"line":29,"column":26}},"29":{"start":{"line":30,"column":0},"end":{"line":30,"column":5}},"30":{"start":{"line":31,"column":0},"end":{"line":31,"column":3}},"32":{"start":{"line":33,"column":0},"end":{"line":33,"column":38}},"33":{"start":{"line":34,"column":0},"end":{"line":34,"column":31}},"34":{"start":{"line":35,"column":0},"end":{"line":35,"column":93}},"35":{"start":{"line":36,"column":0},"end":{"line":36,"column":4}},"37":{"start":{"line":38,"column":0},"end":{"line":38,"column":10}},"38":{"start":{"line":39,"column":0},"end":{"line":39,"column":39}},"39":{"start":{"line":40,"column":0},"end":{"line":40,"column":13}},"40":{"start":{"line":41,"column":0},"end":{"line":41,"column":29}},"41":{"start":{"line":42,"column":0},"end":{"line":42,"column":19}},"42":{"start":{"line":43,"column":0},"end":{"line":43,"column":34}},"43":{"start":{"line":44,"column":0},"end":{"line":44,"column":30}},"44":{"start":{"line":45,"column":0},"end":{"line":45,"column":8}},"45":{"start":{"line":46,"column":0},"end":{"line":46,"column":22}},"46":{"start":{"line":47,"column":0},"end":{"line":47,"column":126}},"47":{"start":{"line":48,"column":0},"end":{"line":48,"column":105}},"48":{"start":{"line":49,"column":0},"end":{"line":49,"column":74}},"49":{"start":{"line":50,"column":0},"end":{"line":50,"column":16}},"50":{"start":{"line":51,"column":0},"end":{"line":51,"column":14}},"52":{"start":{"line":53,"column":0},"end":{"line":53,"column":10}},"54":{"start":{"line":55,"column":0},"end":{"line":55,"column":1}},"56":{"start":{"line":57,"column":0},"end":{"line":57,"column":16}},"57":{"start":{"line":58,"column":0},"end":{"line":58,"column":52}},"59":{"start":{"line":60,"column":0},"end":{"line":60,"column":19}},"60":{"start":{"line":61,"column":0},"end":{"line":61,"column":21}},"61":{"start":{"line":62,"column":0},"end":{"line":62,"column":52}},"62":{"start":{"line":63,"column":0},"end":{"line":63,"column":12}},"63":{"start":{"line":64,"column":0},"end":{"line":64,"column":55}},"64":{"start":{"line":65,"column":0},"end":{"line":65,"column":5}},"65":{"start":{"line":66,"column":0},"end":{"line":66,"column":18}},"67":{"start":{"line":68,"column":0},"end":{"line":68,"column":10}},"68":{"start":{"line":69,"column":0},"end":{"line":69,"column":57}},"69":{"start":{"line":70,"column":0},"end":{"line":70,"column":26}},"70":{"start":{"line":71,"column":0},"end":{"line":71,"column":26}},"71":{"start":{"line":72,"column":0},"end":{"line":72,"column":24}},"72":{"start":{"line":73,"column":0},"end":{"line":73,"column":27}},"73":{"start":{"line":74,"column":0},"end":{"line":74,"column":27}},"74":{"start":{"line":75,"column":0},"end":{"line":75,"column":20}},"76":{"start":{"line":77,"column":0},"end":{"line":77,"column":1}},"78":{"start":{"line":79,"column":0},"end":{"line":79,"column":18}}},"s":{"0":1,"1":1,"3":1,"4":1,"5":1,"6":1,"7":1,"9":30,"10":30,"11":30,"12":30,"14":30,"15":1,"16":1,"17":1,"19":1,"20":1,"21":1,"22":1,"23":1,"24":1,"25":1,"27":1,"28":1,"29":1,"30":1,"32":30,"33":30,"34":30,"35":30,"37":30,"38":30,"39":30,"40":30,"41":30,"42":30,"43":30,"44":30,"45":30,"46":2,"47":2,"48":2,"49":2,"50":2,"52":30,"54":30,"56":11,"57":11,"59":11,"60":10,"61":9,"62":10,"63":1,"64":1,"65":11,"67":11,"68":11,"69":11,"70":11,"71":11,"72":11,"73":11,"74":11,"76":11,"78":1},"branchMap":{"0":{"type":"branch","line":10,"loc":{"start":{"line":10,"column":0},"end":{"line":55,"column":1}},"locations":[{"start":{"line":10,"column":0},"end":{"line":55,"column":1}}]},"1":{"type":"branch","line":46,"loc":{"start":{"line":46,"column":7},"end":{"line":51,"column":14}},"locations":[{"start":{"line":46,"column":7},"end":{"line":51,"column":14}}]},"2":{"type":"branch","line":15,"loc":{"start":{"line":15,"column":25},"end":{"line":31,"column":3}},"locations":[{"start":{"line":15,"column":25},"end":{"line":31,"column":3}}]},"3":{"type":"branch","line":28,"loc":{"start":{"line":28,"column":14},"end":{"line":28,"column":41}},"locations":[{"start":{"line":28,"column":14},"end":{"line":28,"column":41}}]},"4":{"type":"branch","line":57,"loc":{"start":{"line":57,"column":0},"end":{"line":77,"column":1}},"locations":[{"start":{"line":57,"column":0},"end":{"line":77,"column":1}}]},"5":{"type":"branch","line":60,"loc":{"start":{"line":60,"column":12},"end":{"line":66,"column":5}},"locations":[{"start":{"line":60,"column":12},"end":{"line":66,"column":5}}]},"6":{"type":"branch","line":61,"loc":{"start":{"line":61,"column":20},"end":{"line":63,"column":11}},"locations":[{"start":{"line":61,"column":20},"end":{"line":63,"column":11}}]},"7":{"type":"branch","line":63,"loc":{"start":{"line":63,"column":4},"end":{"line":65,"column":5}},"locations":[{"start":{"line":63,"column":4},"end":{"line":65,"column":5}}]}},"b":{"0":[30],"1":[2],"2":[1],"3":[1],"4":[11],"5":[10],"6":[9],"7":[1]},"fnMap":{"0":{"name":"AppContent","decl":{"start":{"line":10,"column":0},"end":{"line":55,"column":1}},"loc":{"start":{"line":10,"column":0},"end":{"line":55,"column":1}},"line":10},"1":{"name":"handleFileDrop","decl":{"start":{"line":15,"column":25},"end":{"line":31,"column":3}},"loc":{"start":{"line":15,"column":25},"end":{"line":31,"column":3}},"line":15},"2":{"name":"App","decl":{"start":{"line":57,"column":0},"end":{"line":77,"column":1}},"loc":{"start":{"line":57,"column":0},"end":{"line":77,"column":1}},"line":57}},"f":{"0":30,"1":1,"2":11}}
,"/home/ichimaru/git/pg_editor/src/main.tsx": {"path":"/home/ichimaru/git/pg_editor/src/main.tsx","all":true,"statementMap":{"0":{"start":{"line":1,"column":0},"end":{"line":1,"column":25}},"1":{"start":{"line":2,"column":0},"end":{"line":2,"column":39}},"2":{"start":{"line":3,"column":0},"end":{"line":3,"column":23}},"3":{"start":{"line":4,"column":0},"end":{"line":4,"column":20}},"5":{"start":{"line":6,"column":0},"end":{"line":6,"column":61}},"6":{"start":{"line":7,"column":0},"end":{"line":7,"column":20}},"7":{"start":{"line":8,"column":0},"end":{"line":8,"column":11}},"8":{"start":{"line":9,"column":0},"end":{"line":9,"column":21}},"9":{"start":{"line":10,"column":0},"end":{"line":10,"column":1}}},"s":{"0":0,"1":0,"2":0,"3":0,"5":0,"6":0,"7":0,"8":0,"9":0},"branchMap":{"0":{"type":"branch","line":1,"loc":{"start":{"line":1,"column":230},"end":{"line":10,"column":1}},"locations":[{"start":{"line":1,"column":230},"end":{"line":10,"column":1}}]}},"b":{"0":[0]},"fnMap":{"0":{"name":"(empty-report)","decl":{"start":{"line":1,"column":230},"end":{"line":10,"column":1}},"loc":{"start":{"line":1,"column":230},"end":{"line":10,"column":1}},"line":1}},"f":{"0":0}}
,"/home/ichimaru/git/pg_editor/src/components/EditorArea.tsx": {"path":"/home/ichimaru/git/pg_editor/src/components/EditorArea.tsx","all":false,"statementMap":{"0":{"start":{"line":1,"column":0},"end":{"line":1,"column":54}},"1":{"start":{"line":2,"column":0},"end":{"line":2,"column":41}},"3":{"start":{"line":4,"column":0},"end":{"line":4,"column":39}},"4":{"start":{"line":5,"column":0},"end":{"line":5,"column":61}},"5":{"start":{"line":6,"column":0},"end":{"line":6,"column":57}},"6":{"start":{"line":7,"column":0},"end":{"line":7,"column":51}},"8":{"start":{"line":9,"column":0},"end":{"line":9,"column":50}},"14":{"start":{"line":15,"column":0},"end":{"line":15,"column":56}},"15":{"start":{"line":16,"column":0},"end":{"line":16,"column":69}},"16":{"start":{"line":17,"column":0},"end":{"line":17,"column":47}},"17":{"start":{"line":18,"column":0},"end":{"line":18,"column":36}},"18":{"start":{"line":19,"column":0},"end":{"line":19,"column":35}},"20":{"start":{"line":21,"column":0},"end":{"line":21,"column":59}},"22":{"start":{"line":23,"column":0},"end":{"line":23,"column":74}},"23":{"start":{"line":24,"column":0},"end":{"line":24,"column":30}},"25":{"start":{"line":26,"column":0},"end":{"line":26,"column":74}},"26":{"start":{"line":27,"column":0},"end":{"line":27,"column":18}},"27":{"start":{"line":28,"column":0},"end":{"line":28,"column":6}},"29":{"start":{"line":30,"column":0},"end":{"line":30,"column":45}},"30":{"start":{"line":31,"column":0},"end":{"line":31,"column":33}},"31":{"start":{"line":32,"column":0},"end":{"line":32,"column":85}},"32":{"start":{"line":33,"column":0},"end":{"line":33,"column":6}},"33":{"start":{"line":34,"column":0},"end":{"line":34,"column":3}},"35":{"start":{"line":36,"column":0},"end":{"line":36,"column":41}},"36":{"start":{"line":37,"column":0},"end":{"line":37,"column":36}},"37":{"start":{"line":38,"column":0},"end":{"line":38,"column":40}},"38":{"start":{"line":39,"column":0},"end":{"line":39,"column":34}},"39":{"start":{"line":40,"column":0},"end":{"line":40,"column":7}},"40":{"start":{"line":41,"column":0},"end":{"line":41,"column":6}},"41":{"start":{"line":42,"column":0},"end":{"line":42,"column":22}},"42":{"start":{"line":43,"column":0},"end":{"line":43,"column":3}},"44":{"start":{"line":45,"column":0},"end":{"line":45,"column":46}},"45":{"start":{"line":46,"column":0},"end":{"line":46,"column":53}},"46":{"start":{"line":47,"column":0},"end":{"line":47,"column":78}},"47":{"start":{"line":48,"column":0},"end":{"line":48,"column":5}},"49":{"start":{"line":50,"column":0},"end":{"line":50,"column":15}},"50":{"start":{"line":51,"column":0},"end":{"line":51,"column":47}},"51":{"start":{"line":52,"column":0},"end":{"line":52,"column":105}},"52":{"start":{"line":53,"column":0},"end":{"line":53,"column":7}},"54":{"start":{"line":55,"column":0},"end":{"line":55,"column":30}},"55":{"start":{"line":56,"column":0},"end":{"line":56,"column":61}},"56":{"start":{"line":57,"column":0},"end":{"line":57,"column":20}},"57":{"start":{"line":58,"column":0},"end":{"line":58,"column":67}},"58":{"start":{"line":59,"column":0},"end":{"line":59,"column":9}},"59":{"start":{"line":60,"column":0},"end":{"line":60,"column":14}},"60":{"start":{"line":61,"column":0},"end":{"line":61,"column":64}},"61":{"start":{"line":62,"column":0},"end":{"line":62,"column":7}},"62":{"start":{"line":63,"column":0},"end":{"line":63,"column":5}},"63":{"start":{"line":64,"column":0},"end":{"line":64,"column":35}},"65":{"start":{"line":66,"column":0},"end":{"line":66,"column":19}},"66":{"start":{"line":67,"column":0},"end":{"line":67,"column":36}},"67":{"start":{"line":68,"column":0},"end":{"line":68,"column":48}},"68":{"start":{"line":69,"column":0},"end":{"line":69,"column":55}},"69":{"start":{"line":70,"column":0},"end":{"line":70,"column":36}},"70":{"start":{"line":71,"column":0},"end":{"line":71,"column":7}},"71":{"start":{"line":72,"column":0},"end":{"line":72,"column":5}},"72":{"start":{"line":73,"column":0},"end":{"line":73,"column":12}},"74":{"start":{"line":75,"column":0},"end":{"line":75,"column":70}},"75":{"start":{"line":76,"column":0},"end":{"line":76,"column":32}},"76":{"start":{"line":77,"column":0},"end":{"line":77,"column":36}},"77":{"start":{"line":78,"column":0},"end":{"line":78,"column":30}},"78":{"start":{"line":79,"column":0},"end":{"line":79,"column":47}},"79":{"start":{"line":80,"column":0},"end":{"line":80,"column":14}},"80":{"start":{"line":81,"column":0},"end":{"line":81,"column":32}},"81":{"start":{"line":82,"column":0},"end":{"line":82,"column":6}},"82":{"start":{"line":83,"column":0},"end":{"line":83,"column":26}},"83":{"start":{"line":84,"column":0},"end":{"line":84,"column":32}},"84":{"start":{"line":85,"column":0},"end":{"line":85,"column":26}},"85":{"start":{"line":86,"column":0},"end":{"line":86,"column":29}},"86":{"start":{"line":87,"column":0},"end":{"line":87,"column":37}},"87":{"start":{"line":88,"column":0},"end":{"line":88,"column":34}},"88":{"start":{"line":89,"column":0},"end":{"line":89,"column":31}},"89":{"start":{"line":90,"column":0},"end":{"line":90,"column":18}},"90":{"start":{"line":91,"column":0},"end":{"line":91,"column":35}},"91":{"start":{"line":92,"column":0},"end":{"line":92,"column":37}},"92":{"start":{"line":93,"column":0},"end":{"line":93,"column":28}},"93":{"start":{"line":94,"column":0},"end":{"line":94,"column":37}},"94":{"start":{"line":95,"column":0},"end":{"line":95,"column":34}},"95":{"start":{"line":96,"column":0},"end":{"line":96,"column":33}},"96":{"start":{"line":97,"column":0},"end":{"line":97,"column":24}},"97":{"start":{"line":98,"column":0},"end":{"line":98,"column":23}},"98":{"start":{"line":99,"column":0},"end":{"line":99,"column":23}},"99":{"start":{"line":100,"column":0},"end":{"line":100,"column":18}},"100":{"start":{"line":101,"column":0},"end":{"line":101,"column":22}},"101":{"start":{"line":102,"column":0},"end":{"line":102,"column":21}},"102":{"start":{"line":103,"column":0},"end":{"line":103,"column":6}},"103":{"start":{"line":104,"column":0},"end":{"line":104,"column":3}},"105":{"start":{"line":106,"column":0},"end":{"line":106,"column":14}},"106":{"start":{"line":107,"column":0},"end":{"line":107,"column":12}},"107":{"start":{"line":108,"column":0},"end":{"line":108,"column":77}},"108":{"start":{"line":109,"column":0},"end":{"line":109,"column":29}},"109":{"start":{"line":110,"column":0},"end":{"line":110,"column":12}},"111":{"start":{"line":112,"column":0},"end":{"line":112,"column":3}},"113":{"start":{"line":114,"column":0},"end":{"line":114,"column":10}},"114":{"start":{"line":115,"column":0},"end":{"line":115,"column":35}},"115":{"start":{"line":116,"column":0},"end":{"line":116,"column":13}},"116":{"start":{"line":117,"column":0},"end":{"line":117,"column":21}},"117":{"start":{"line":118,"column":0},"end":{"line":118,"column":54}},"118":{"start":{"line":119,"column":0},"end":{"line":119,"column":47}},"119":{"start":{"line":120,"column":0},"end":{"line":120,"column":28}},"120":{"start":{"line":121,"column":0},"end":{"line":121,"column":48}},"121":{"start":{"line":122,"column":0},"end":{"line":122,"column":37}},"122":{"start":{"line":123,"column":0},"end":{"line":123,"column":38}},"123":{"start":{"line":124,"column":0},"end":{"line":124,"column":31}},"124":{"start":{"line":125,"column":0},"end":{"line":125,"column":17}},"125":{"start":{"line":126,"column":0},"end":{"line":126,"column":67}},"126":{"start":{"line":127,"column":0},"end":{"line":127,"column":62}},"127":{"start":{"line":128,"column":0},"end":{"line":128,"column":16}},"129":{"start":{"line":130,"column":0},"end":{"line":130,"column":8}},"130":{"start":{"line":131,"column":0},"end":{"line":131,"column":10}},"132":{"start":{"line":133,"column":0},"end":{"line":133,"column":1}},"134":{"start":{"line":135,"column":0},"end":{"line":135,"column":25}}},"s":{"0":1,"1":1,"3":1,"4":1,"5":1,"6":1,"8":1,"14":1,"15":2,"16":2,"17":2,"18":2,"20":2,"22":2,"23":0,"25":0,"26":0,"27":0,"29":0,"30":0,"31":0,"32":0,"33":0,"35":2,"36":2,"37":0,"38":0,"39":0,"40":0,"41":2,"42":2,"44":2,"45":0,"46":0,"47":0,"49":0,"50":0,"51":0,"52":0,"54":0,"55":0,"56":0,"57":0,"58":0,"59":0,"60":0,"61":0,"62":0,"63":2,"65":2,"66":2,"67":0,"68":0,"69":0,"70":0,"71":0,"72":2,"74":2,"75":2,"76":2,"77":2,"78":2,"79":2,"80":2,"81":2,"82":2,"83":2,"84":2,"85":2,"86":2,"87":2,"88":2,"89":2,"90":2,"91":2,"92":2,"93":2,"94":2,"95":2,"96":2,"97":2,"98":2,"99":2,"100":2,"101":2,"102":2,"103":2,"105":2,"106":0,"107":0,"108":0,"109":0,"111":0,"113":2,"114":2,"115":2,"116":2,"117":2,"118":2,"119":2,"120":2,"121":2,"122":2,"123":2,"124":2,"125":2,"126":2,"127":2,"129":2,"130":2,"132":2,"134":1},"branchMap":{"0":{"type":"branch","line":15,"loc":{"start":{"line":15,"column":19},"end":{"line":133,"column":1}},"locations":[{"start":{"line":15,"column":19},"end":{"line":133,"column":1}}]},"1":{"type":"branch","line":79,"loc":{"start":{"line":79,"column":23},"end":{"line":79,"column":41}},"locations":[{"start":{"line":79,"column":23},"end":{"line":79,"column":41}}]},"2":{"type":"branch","line":106,"loc":{"start":{"line":106,"column":13},"end":{"line":112,"column":3}},"locations":[{"start":{"line":106,"column":13},"end":{"line":112,"column":3}}]},"3":{"type":"branch","line":118,"loc":{"start":{"line":118,"column":30},"end":{"line":118,"column":54}},"locations":[{"start":{"line":118,"column":30},"end":{"line":118,"column":54}}]},"4":{"type":"branch","line":119,"loc":{"start":{"line":119,"column":23},"end":{"line":119,"column":47}},"locations":[{"start":{"line":119,"column":23},"end":{"line":119,"column":47}}]},"5":{"type":"branch","line":121,"loc":{"start":{"line":121,"column":28},"end":{"line":121,"column":48}},"locations":[{"start":{"line":121,"column":28},"end":{"line":121,"column":48}}]},"6":{"type":"branch","line":21,"loc":{"start":{"line":21,"column":26},"end":{"line":21,"column":58}},"locations":[{"start":{"line":21,"column":26},"end":{"line":21,"column":58}}]},"7":{"type":"branch","line":66,"loc":{"start":{"line":66,"column":12},"end":{"line":73,"column":5}},"locations":[{"start":{"line":66,"column":12},"end":{"line":73,"column":5}}]},"8":{"type":"branch","line":67,"loc":{"start":{"line":67,"column":18},"end":{"line":67,"column":35}},"locations":[{"start":{"line":67,"column":18},"end":{"line":67,"column":35}}]},"9":{"type":"branch","line":67,"loc":{"start":{"line":67,"column":35},"end":{"line":72,"column":5}},"locations":[{"start":{"line":67,"column":35},"end":{"line":72,"column":5}}]}},"b":{"0":[2],"1":[0],"2":[0],"3":[0],"4":[0],"5":[0],"6":[2],"7":[2],"8":[0],"9":[0]},"fnMap":{"0":{"name":"EditorArea","decl":{"start":{"line":15,"column":19},"end":{"line":133,"column":1}},"loc":{"start":{"line":15,"column":19},"end":{"line":133,"column":1}},"line":15},"1":{"name":"handleEditorDidMount","decl":{"start":{"line":23,"column":31},"end":{"line":34,"column":3}},"loc":{"start":{"line":23,"column":31},"end":{"line":34,"column":3}},"line":23}},"f":{"0":2,"1":0}}
,"/home/ichimaru/git/pg_editor/src/components/EditorTabs.tsx": {"path":"/home/ichimaru/git/pg_editor/src/components/EditorTabs.tsx","all":false,"statementMap":{"0":{"start":{"line":1,"column":0},"end":{"line":1,"column":30}},"9":{"start":{"line":10,"column":0},"end":{"line":10,"column":87}},"10":{"start":{"line":11,"column":0},"end":{"line":11,"column":10}},"11":{"start":{"line":12,"column":0},"end":{"line":12,"column":90}},"12":{"start":{"line":13,"column":0},"end":{"line":13,"column":26}},"13":{"start":{"line":14,"column":0},"end":{"line":14,"column":12}},"14":{"start":{"line":15,"column":0},"end":{"line":15,"column":22}},"15":{"start":{"line":16,"column":0},"end":{"line":16,"column":105}},"16":{"start":{"line":17,"column":0},"end":{"line":17,"column":36}},"17":{"start":{"line":18,"column":0},"end":{"line":18,"column":41}},"18":{"start":{"line":19,"column":0},"end":{"line":19,"column":67}},"19":{"start":{"line":20,"column":0},"end":{"line":20,"column":13}},"20":{"start":{"line":21,"column":0},"end":{"line":21,"column":42}},"22":{"start":{"line":23,"column":0},"end":{"line":23,"column":59}},"23":{"start":{"line":24,"column":0},"end":{"line":24,"column":60}},"24":{"start":{"line":25,"column":0},"end":{"line":25,"column":22}},"25":{"start":{"line":26,"column":0},"end":{"line":26,"column":17}},"26":{"start":{"line":27,"column":0},"end":{"line":27,"column":17}},"27":{"start":{"line":28,"column":0},"end":{"line":28,"column":74}},"28":{"start":{"line":29,"column":0},"end":{"line":29,"column":29}},"29":{"start":{"line":30,"column":0},"end":{"line":30,"column":33}},"30":{"start":{"line":31,"column":0},"end":{"line":31,"column":32}},"31":{"start":{"line":32,"column":0},"end":{"line":32,"column":14}},"32":{"start":{"line":33,"column":0},"end":{"line":33,"column":11}},"34":{"start":{"line":35,"column":0},"end":{"line":35,"column":19}},"35":{"start":{"line":36,"column":0},"end":{"line":36,"column":14}},"36":{"start":{"line":37,"column":0},"end":{"line":37,"column":9}},"37":{"start":{"line":38,"column":0},"end":{"line":38,"column":10}},"39":{"start":{"line":40,"column":0},"end":{"line":40,"column":1}},"41":{"start":{"line":42,"column":0},"end":{"line":42,"column":25}}},"s":{"0":1,"9":1,"10":10,"11":10,"12":10,"13":21,"14":21,"15":21,"16":21,"17":9,"18":12,"19":21,"20":21,"22":21,"23":21,"24":21,"25":21,"26":21,"27":21,"28":21,"29":2,"30":2,"31":2,"32":21,"34":21,"35":21,"36":10,"37":10,"39":10,"41":1},"branchMap":{"0":{"type":"branch","line":10,"loc":{"start":{"line":10,"column":19},"end":{"line":40,"column":1}},"locations":[{"start":{"line":10,"column":19},"end":{"line":40,"column":1}}]},"1":{"type":"branch","line":13,"loc":{"start":{"line":13,"column":16},"end":{"line":36,"column":14}},"locations":[{"start":{"line":13,"column":16},"end":{"line":36,"column":14}}]},"2":{"type":"branch","line":17,"loc":{"start":{"line":17,"column":34},"end":{"line":18,"column":41}},"locations":[{"start":{"line":17,"column":34},"end":{"line":18,"column":41}}]},"3":{"type":"branch","line":18,"loc":{"start":{"line":18,"column":16},"end":{"line":19,"column":67}},"locations":[{"start":{"line":18,"column":16},"end":{"line":19,"column":67}}]},"4":{"type":"branch","line":24,"loc":{"start":{"line":24,"column":17},"end":{"line":24,"column":60}},"locations":[{"start":{"line":24,"column":17},"end":{"line":24,"column":60}}]},"5":{"type":"branch","line":21,"loc":{"start":{"line":21,"column":19},"end":{"line":21,"column":42}},"locations":[{"start":{"line":21,"column":19},"end":{"line":21,"column":42}}]},"6":{"type":"branch","line":29,"loc":{"start":{"line":29,"column":21},"end":{"line":32,"column":14}},"locations":[{"start":{"line":29,"column":21},"end":{"line":32,"column":14}}]}},"b":{"0":[10],"1":[21],"2":[9],"3":[12],"4":[6],"5":[1],"6":[2]},"fnMap":{"0":{"name":"EditorTabs","decl":{"start":{"line":10,"column":19},"end":{"line":40,"column":1}},"loc":{"start":{"line":10,"column":19},"end":{"line":40,"column":1}},"line":10},"1":{"name":"onClick","decl":{"start":{"line":21,"column":19},"end":{"line":21,"column":42}},"loc":{"start":{"line":21,"column":19},"end":{"line":21,"column":42}},"line":21},"2":{"name":"onClick","decl":{"start":{"line":29,"column":21},"end":{"line":32,"column":14}},"loc":{"start":{"line":29,"column":21},"end":{"line":32,"column":14}},"line":29}},"f":{"0":10,"1":1,"2":2}}
,"/home/ichimaru/git/pg_editor/src/components/FileTree.tsx": {"path":"/home/ichimaru/git/pg_editor/src/components/FileTree.tsx","all":false,"statementMap":{"0":{"start":{"line":1,"column":0},"end":{"line":1,"column":32}},"14":{"start":{"line":15,"column":0},"end":{"line":15,"column":76}},"15":{"start":{"line":16,"column":0},"end":{"line":16,"column":53}},"17":{"start":{"line":18,"column":0},"end":{"line":18,"column":29}},"18":{"start":{"line":19,"column":0},"end":{"line":19,"column":27}},"19":{"start":{"line":20,"column":0},"end":{"line":20,"column":32}},"20":{"start":{"line":21,"column":0},"end":{"line":21,"column":12}},"21":{"start":{"line":22,"column":0},"end":{"line":22,"column":49}},"22":{"start":{"line":23,"column":0},"end":{"line":23,"column":5}},"23":{"start":{"line":24,"column":0},"end":{"line":24,"column":3}},"25":{"start":{"line":26,"column":0},"end":{"line":26,"column":29}},"26":{"start":{"line":27,"column":0},"end":{"line":27,"column":27}},"27":{"start":{"line":28,"column":0},"end":{"line":28,"column":37}},"28":{"start":{"line":29,"column":0},"end":{"line":29,"column":5}},"29":{"start":{"line":30,"column":0},"end":{"line":30,"column":57}},"30":{"start":{"line":31,"column":0},"end":{"line":31,"column":45}},"31":{"start":{"line":32,"column":0},"end":{"line":32,"column":15}},"32":{"start":{"line":33,"column":0},"end":{"line":33,"column":16}},"33":{"start":{"line":34,"column":0},"end":{"line":34,"column":15}},"34":{"start":{"line":35,"column":0},"end":{"line":35,"column":16}},"35":{"start":{"line":36,"column":0},"end":{"line":36,"column":17}},"36":{"start":{"line":37,"column":0},"end":{"line":37,"column":16}},"37":{"start":{"line":38,"column":0},"end":{"line":38,"column":17}},"38":{"start":{"line":39,"column":0},"end":{"line":39,"column":15}},"39":{"start":{"line":40,"column":0},"end":{"line":40,"column":15}},"40":{"start":{"line":41,"column":0},"end":{"line":41,"column":15}},"41":{"start":{"line":42,"column":0},"end":{"line":42,"column":15}},"42":{"start":{"line":43,"column":0},"end":{"line":43,"column":5}},"43":{"start":{"line":44,"column":0},"end":{"line":44,"column":37}},"44":{"start":{"line":45,"column":0},"end":{"line":45,"column":3}},"46":{"start":{"line":47,"column":0},"end":{"line":47,"column":10}},"47":{"start":{"line":48,"column":0},"end":{"line":48,"column":6}},"48":{"start":{"line":49,"column":0},"end":{"line":49,"column":10}},"49":{"start":{"line":50,"column":0},"end":{"line":50,"column":96}},"50":{"start":{"line":51,"column":0},"end":{"line":51,"column":54}},"51":{"start":{"line":52,"column":0},"end":{"line":52,"column":29}},"53":{"start":{"line":54,"column":0},"end":{"line":54,"column":61}},"54":{"start":{"line":55,"column":0},"end":{"line":55,"column":61}},"55":{"start":{"line":56,"column":0},"end":{"line":56,"column":12}},"56":{"start":{"line":57,"column":0},"end":{"line":57,"column":59}},"57":{"start":{"line":58,"column":0},"end":{"line":58,"column":10}},"58":{"start":{"line":59,"column":0},"end":{"line":59,"column":41}},"59":{"start":{"line":60,"column":0},"end":{"line":60,"column":25}},"60":{"start":{"line":61,"column":0},"end":{"line":61,"column":28}},"61":{"start":{"line":62,"column":0},"end":{"line":62,"column":26}},"62":{"start":{"line":63,"column":0},"end":{"line":63,"column":31}},"63":{"start":{"line":64,"column":0},"end":{"line":64,"column":41}},"64":{"start":{"line":65,"column":0},"end":{"line":65,"column":14}},"65":{"start":{"line":66,"column":0},"end":{"line":66,"column":13}},"66":{"start":{"line":67,"column":0},"end":{"line":67,"column":11}},"68":{"start":{"line":69,"column":0},"end":{"line":69,"column":7}},"70":{"start":{"line":71,"column":0},"end":{"line":71,"column":1}},"72":{"start":{"line":73,"column":0},"end":{"line":73,"column":62}},"73":{"start":{"line":74,"column":0},"end":{"line":74,"column":60}},"74":{"start":{"line":75,"column":0},"end":{"line":75,"column":49}},"75":{"start":{"line":76,"column":0},"end":{"line":76,"column":38}},"77":{"start":{"line":78,"column":0},"end":{"line":78,"column":29}},"78":{"start":{"line":79,"column":0},"end":{"line":79,"column":55}},"79":{"start":{"line":80,"column":0},"end":{"line":80,"column":6}},"81":{"start":{"line":82,"column":0},"end":{"line":82,"column":29}},"82":{"start":{"line":83,"column":0},"end":{"line":83,"column":44}},"83":{"start":{"line":84,"column":0},"end":{"line":84,"column":35}},"84":{"start":{"line":85,"column":0},"end":{"line":85,"column":47}},"85":{"start":{"line":86,"column":0},"end":{"line":86,"column":14}},"86":{"start":{"line":87,"column":0},"end":{"line":87,"column":59}},"87":{"start":{"line":88,"column":0},"end":{"line":88,"column":46}},"88":{"start":{"line":89,"column":0},"end":{"line":89,"column":40}},"89":{"start":{"line":90,"column":0},"end":{"line":90,"column":55}},"90":{"start":{"line":91,"column":0},"end":{"line":91,"column":9}},"91":{"start":{"line":92,"column":0},"end":{"line":92,"column":7}},"92":{"start":{"line":93,"column":0},"end":{"line":93,"column":6}},"94":{"start":{"line":95,"column":0},"end":{"line":95,"column":20}},"95":{"start":{"line":96,"column":0},"end":{"line":96,"column":3}},"97":{"start":{"line":98,"column":0},"end":{"line":98,"column":36}},"99":{"start":{"line":100,"column":0},"end":{"line":100,"column":10}},"100":{"start":{"line":101,"column":0},"end":{"line":101,"column":38}},"101":{"start":{"line":102,"column":0},"end":{"line":102,"column":33}},"102":{"start":{"line":103,"column":0},"end":{"line":103,"column":56}},"103":{"start":{"line":104,"column":0},"end":{"line":104,"column":49}},"104":{"start":{"line":105,"column":0},"end":{"line":105,"column":73}},"105":{"start":{"line":106,"column":0},"end":{"line":106,"column":14}},"107":{"start":{"line":108,"column":0},"end":{"line":108,"column":33}},"108":{"start":{"line":109,"column":0},"end":{"line":109,"column":90}},"109":{"start":{"line":110,"column":0},"end":{"line":110,"column":10}},"111":{"start":{"line":112,"column":0},"end":{"line":112,"column":10}},"113":{"start":{"line":114,"column":0},"end":{"line":114,"column":1}},"115":{"start":{"line":116,"column":0},"end":{"line":116,"column":23}}},"s":{"0":1,"14":1,"15":21,"17":21,"18":6,"19":4,"20":6,"21":2,"22":2,"23":6,"25":21,"26":21,"27":9,"28":9,"29":21,"30":21,"31":21,"32":21,"33":21,"34":21,"35":21,"36":21,"37":21,"38":21,"39":21,"40":21,"41":21,"42":21,"43":21,"44":21,"46":21,"47":21,"48":21,"49":21,"50":21,"51":21,"53":21,"54":21,"55":21,"56":21,"57":3,"58":3,"59":3,"60":3,"61":3,"62":3,"63":3,"64":3,"65":3,"66":3,"68":21,"70":21,"72":1,"73":37,"74":37,"75":37,"77":37,"78":19,"79":37,"81":37,"82":19,"83":19,"84":14,"85":19,"86":5,"87":5,"88":5,"89":5,"90":5,"91":5,"92":37,"94":37,"95":37,"97":37,"99":37,"100":37,"101":37,"102":28,"103":28,"104":28,"105":28,"107":9,"108":14,"109":9,"111":37,"113":37,"115":1},"branchMap":{"0":{"type":"branch","line":15,"loc":{"start":{"line":15,"column":21},"end":{"line":71,"column":1}},"locations":[{"start":{"line":15,"column":21},"end":{"line":71,"column":1}}]},"1":{"type":"branch","line":57,"loc":{"start":{"line":57,"column":12},"end":{"line":57,"column":41}},"locations":[{"start":{"line":57,"column":12},"end":{"line":57,"column":41}}]},"2":{"type":"branch","line":57,"loc":{"start":{"line":57,"column":27},"end":{"line":57,"column":59}},"locations":[{"start":{"line":57,"column":27},"end":{"line":57,"column":59}}]},"3":{"type":"branch","line":57,"loc":{"start":{"line":57,"column":46},"end":{"line":67,"column":11}},"locations":[{"start":{"line":57,"column":46},"end":{"line":67,"column":11}}]},"4":{"type":"branch","line":18,"loc":{"start":{"line":18,"column":22},"end":{"line":24,"column":3}},"locations":[{"start":{"line":18,"column":22},"end":{"line":24,"column":3}}]},"5":{"type":"branch","line":19,"loc":{"start":{"line":19,"column":26},"end":{"line":21,"column":11}},"locations":[{"start":{"line":19,"column":26},"end":{"line":21,"column":11}}]},"6":{"type":"branch","line":21,"loc":{"start":{"line":21,"column":4},"end":{"line":23,"column":5}},"locations":[{"start":{"line":21,"column":4},"end":{"line":23,"column":5}}]},"7":{"type":"branch","line":26,"loc":{"start":{"line":26,"column":22},"end":{"line":45,"column":3}},"locations":[{"start":{"line":26,"column":22},"end":{"line":45,"column":3}}]},"8":{"type":"branch","line":27,"loc":{"start":{"line":27,"column":26},"end":{"line":29,"column":5}},"locations":[{"start":{"line":27,"column":26},"end":{"line":29,"column":5}}]},"9":{"type":"branch","line":28,"loc":{"start":{"line":28,"column":13},"end":{"line":28,"column":33}},"locations":[{"start":{"line":28,"column":13},"end":{"line":28,"column":33}}]},"10":{"type":"branch","line":28,"loc":{"start":{"line":28,"column":26},"end":{"line":28,"column":37}},"locations":[{"start":{"line":28,"column":26},"end":{"line":28,"column":37}}]},"11":{"type":"branch","line":29,"loc":{"start":{"line":29,"column":4},"end":{"line":30,"column":56}},"locations":[{"start":{"line":29,"column":4},"end":{"line":30,"column":56}}]},"12":{"type":"branch","line":44,"loc":{"start":{"line":44,"column":19},"end":{"line":44,"column":28}},"locations":[{"start":{"line":44,"column":19},"end":{"line":44,"column":28}}]},"13":{"type":"branch","line":44,"loc":{"start":{"line":44,"column":28},"end":{"line":44,"column":37}},"locations":[{"start":{"line":44,"column":28},"end":{"line":44,"column":37}}]},"14":{"type":"branch","line":59,"loc":{"start":{"line":59,"column":29},"end":{"line":65,"column":14}},"locations":[{"start":{"line":59,"column":29},"end":{"line":65,"column":14}}]},"15":{"type":"branch","line":73,"loc":{"start":{"line":73,"column":17},"end":{"line":114,"column":1}},"locations":[{"start":{"line":73,"column":17},"end":{"line":114,"column":1}}]},"16":{"type":"branch","line":102,"loc":{"start":{"line":102,"column":28},"end":{"line":106,"column":14}},"locations":[{"start":{"line":102,"column":28},"end":{"line":106,"column":14}}]},"17":{"type":"branch","line":106,"loc":{"start":{"line":106,"column":8},"end":{"line":110,"column":10}},"locations":[{"start":{"line":106,"column":8},"end":{"line":110,"column":10}}]},"18":{"type":"branch","line":74,"loc":{"start":{"line":74,"column":20},"end":{"line":96,"column":3}},"locations":[{"start":{"line":74,"column":20},"end":{"line":96,"column":3}}]},"19":{"type":"branch","line":78,"loc":{"start":{"line":78,"column":18},"end":{"line":80,"column":5}},"locations":[{"start":{"line":78,"column":18},"end":{"line":80,"column":5}}]},"20":{"type":"branch","line":82,"loc":{"start":{"line":82,"column":18},"end":{"line":93,"column":5}},"locations":[{"start":{"line":82,"column":18},"end":{"line":93,"column":5}}]},"21":{"type":"branch","line":84,"loc":{"start":{"line":84,"column":34},"end":{"line":86,"column":13}},"locations":[{"start":{"line":84,"column":34},"end":{"line":86,"column":13}}]},"22":{"type":"branch","line":86,"loc":{"start":{"line":86,"column":6},"end":{"line":92,"column":7}},"locations":[{"start":{"line":86,"column":6},"end":{"line":92,"column":7}}]},"23":{"type":"branch","line":108,"loc":{"start":{"line":108,"column":22},"end":{"line":109,"column":90}},"locations":[{"start":{"line":108,"column":22},"end":{"line":109,"column":90}}]}},"b":{"0":[21],"1":[9],"2":[3],"3":[3],"4":[6],"5":[4],"6":[2],"7":[21],"8":[9],"9":[3],"10":[6],"11":[12],"12":[0],"13":[0],"14":[3],"15":[37],"16":[28],"17":[9],"18":[37],"19":[19],"20":[19],"21":[14],"22":[5],"23":[14]},"fnMap":{"0":{"name":"FileTreeNode","decl":{"start":{"line":15,"column":21},"end":{"line":71,"column":1}},"loc":{"start":{"line":15,"column":21},"end":{"line":71,"column":1}},"line":15},"1":{"name":"handleClick","decl":{"start":{"line":18,"column":22},"end":{"line":24,"column":3}},"loc":{"start":{"line":18,"column":22},"end":{"line":24,"column":3}},"line":18},"2":{"name":"getFileIcon","decl":{"start":{"line":26,"column":22},"end":{"line":45,"column":3}},"loc":{"start":{"line":26,"column":22},"end":{"line":45,"column":3}},"line":26},"3":{"name":"FileTree","decl":{"start":{"line":73,"column":17},"end":{"line":114,"column":1}},"loc":{"start":{"line":73,"column":17},"end":{"line":114,"column":1}},"line":73},"4":{"name":"buildTree","decl":{"start":{"line":74,"column":20},"end":{"line":96,"column":3}},"loc":{"start":{"line":74,"column":20},"end":{"line":96,"column":3}},"line":74}},"f":{"0":21,"1":6,"2":21,"3":37,"4":37}}
,"/home/ichimaru/git/pg_editor/src/components/Layout.tsx": {"path":"/home/ichimaru/git/pg_editor/src/components/Layout.tsx","all":false,"statementMap":{"0":{"start":{"line":1,"column":0},"end":{"line":1,"column":32}},"1":{"start":{"line":2,"column":0},"end":{"line":2,"column":31}},"2":{"start":{"line":3,"column":0},"end":{"line":3,"column":37}},"3":{"start":{"line":4,"column":0},"end":{"line":4,"column":37}},"4":{"start":{"line":5,"column":0},"end":{"line":5,"column":33}},"5":{"start":{"line":6,"column":0},"end":{"line":6,"column":35}},"15":{"start":{"line":16,"column":0},"end":{"line":16,"column":81}},"16":{"start":{"line":17,"column":0},"end":{"line":17,"column":55}},"17":{"start":{"line":18,"column":0},"end":{"line":18,"column":59}},"18":{"start":{"line":19,"column":0},"end":{"line":19,"column":66}},"20":{"start":{"line":21,"column":0},"end":{"line":21,"column":53}},"21":{"start":{"line":22,"column":0},"end":{"line":22,"column":59}},"22":{"start":{"line":23,"column":0},"end":{"line":23,"column":3}},"24":{"start":{"line":25,"column":0},"end":{"line":25,"column":55}},"25":{"start":{"line":26,"column":0},"end":{"line":26,"column":62}},"26":{"start":{"line":27,"column":0},"end":{"line":27,"column":3}},"28":{"start":{"line":29,"column":0},"end":{"line":29,"column":10}},"29":{"start":{"line":30,"column":0},"end":{"line":30,"column":74}},"30":{"start":{"line":31,"column":0},"end":{"line":31,"column":51}},"31":{"start":{"line":32,"column":0},"end":{"line":32,"column":12}},"32":{"start":{"line":33,"column":0},"end":{"line":33,"column":108}},"33":{"start":{"line":34,"column":0},"end":{"line":34,"column":41}},"35":{"start":{"line":36,"column":0},"end":{"line":36,"column":87}},"36":{"start":{"line":37,"column":0},"end":{"line":37,"column":14}},"37":{"start":{"line":38,"column":0},"end":{"line":38,"column":37}},"38":{"start":{"line":39,"column":0},"end":{"line":39,"column":33}},"39":{"start":{"line":40,"column":0},"end":{"line":40,"column":32}},"40":{"start":{"line":41,"column":0},"end":{"line":41,"column":38}},"41":{"start":{"line":42,"column":0},"end":{"line":42,"column":45}},"43":{"start":{"line":44,"column":0},"end":{"line":44,"column":58}},"44":{"start":{"line":45,"column":0},"end":{"line":45,"column":49}},"45":{"start":{"line":46,"column":0},"end":{"line":46,"column":56}},"46":{"start":{"line":47,"column":0},"end":{"line":47,"column":15}},"48":{"start":{"line":49,"column":0},"end":{"line":49,"column":43}},"49":{"start":{"line":50,"column":0},"end":{"line":50,"column":74}},"50":{"start":{"line":51,"column":0},"end":{"line":51,"column":70}},"51":{"start":{"line":52,"column":0},"end":{"line":52,"column":15}},"53":{"start":{"line":54,"column":0},"end":{"line":54,"column":69}},"54":{"start":{"line":55,"column":0},"end":{"line":55,"column":65}},"55":{"start":{"line":56,"column":0},"end":{"line":56,"column":14}},"56":{"start":{"line":57,"column":0},"end":{"line":57,"column":12}},"57":{"start":{"line":58,"column":0},"end":{"line":58,"column":14}},"59":{"start":{"line":60,"column":0},"end":{"line":60,"column":62}},"60":{"start":{"line":61,"column":0},"end":{"line":61,"column":31}},"61":{"start":{"line":62,"column":0},"end":{"line":62,"column":23}},"62":{"start":{"line":63,"column":0},"end":{"line":63,"column":25}},"63":{"start":{"line":64,"column":0},"end":{"line":64,"column":35}},"64":{"start":{"line":65,"column":0},"end":{"line":65,"column":39}},"65":{"start":{"line":66,"column":0},"end":{"line":66,"column":38}},"66":{"start":{"line":67,"column":0},"end":{"line":67,"column":66}},"67":{"start":{"line":68,"column":0},"end":{"line":68,"column":37}},"68":{"start":{"line":69,"column":0},"end":{"line":69,"column":46}},"69":{"start":{"line":70,"column":0},"end":{"line":70,"column":66}},"70":{"start":{"line":71,"column":0},"end":{"line":71,"column":17}},"71":{"start":{"line":72,"column":0},"end":{"line":72,"column":16}},"72":{"start":{"line":73,"column":0},"end":{"line":73,"column":14}},"75":{"start":{"line":76,"column":0},"end":{"line":76,"column":43}},"76":{"start":{"line":77,"column":0},"end":{"line":77,"column":26}},"77":{"start":{"line":78,"column":0},"end":{"line":78,"column":50}},"79":{"start":{"line":80,"column":0},"end":{"line":80,"column":85}},"80":{"start":{"line":81,"column":0},"end":{"line":81,"column":45}},"81":{"start":{"line":82,"column":0},"end":{"line":82,"column":62}},"82":{"start":{"line":83,"column":0},"end":{"line":83,"column":53}},"83":{"start":{"line":84,"column":0},"end":{"line":84,"column":22}},"84":{"start":{"line":85,"column":0},"end":{"line":85,"column":20}},"86":{"start":{"line":87,"column":0},"end":{"line":87,"column":16}},"88":{"start":{"line":89,"column":0},"end":{"line":89,"column":33}},"89":{"start":{"line":90,"column":0},"end":{"line":90,"column":16}},"90":{"start":{"line":91,"column":0},"end":{"line":91,"column":93}},"91":{"start":{"line":92,"column":0},"end":{"line":92,"column":48}},"93":{"start":{"line":94,"column":0},"end":{"line":94,"column":18}},"94":{"start":{"line":95,"column":0},"end":{"line":95,"column":52}},"95":{"start":{"line":96,"column":0},"end":{"line":96,"column":37}},"96":{"start":{"line":97,"column":0},"end":{"line":97,"column":36}},"97":{"start":{"line":98,"column":0},"end":{"line":98,"column":42}},"98":{"start":{"line":99,"column":0},"end":{"line":99,"column":52}},"100":{"start":{"line":101,"column":0},"end":{"line":101,"column":62}},"101":{"start":{"line":102,"column":0},"end":{"line":102,"column":53}},"102":{"start":{"line":103,"column":0},"end":{"line":103,"column":62}},"103":{"start":{"line":104,"column":0},"end":{"line":104,"column":19}},"105":{"start":{"line":106,"column":0},"end":{"line":106,"column":47}},"106":{"start":{"line":107,"column":0},"end":{"line":107,"column":78}},"107":{"start":{"line":108,"column":0},"end":{"line":108,"column":74}},"108":{"start":{"line":109,"column":0},"end":{"line":109,"column":19}},"110":{"start":{"line":111,"column":0},"end":{"line":111,"column":73}},"111":{"start":{"line":112,"column":0},"end":{"line":112,"column":69}},"112":{"start":{"line":113,"column":0},"end":{"line":113,"column":18}},"113":{"start":{"line":114,"column":0},"end":{"line":114,"column":16}},"114":{"start":{"line":115,"column":0},"end":{"line":115,"column":24}},"115":{"start":{"line":116,"column":0},"end":{"line":116,"column":60}},"116":{"start":{"line":117,"column":0},"end":{"line":117,"column":48}},"117":{"start":{"line":118,"column":0},"end":{"line":118,"column":16}},"118":{"start":{"line":119,"column":0},"end":{"line":119,"column":18}},"120":{"start":{"line":121,"column":0},"end":{"line":121,"column":14}},"121":{"start":{"line":122,"column":0},"end":{"line":122,"column":12}},"123":{"start":{"line":124,"column":0},"end":{"line":124,"column":16}},"124":{"start":{"line":125,"column":0},"end":{"line":125,"column":45}},"125":{"start":{"line":126,"column":0},"end":{"line":126,"column":73}},"126":{"start":{"line":127,"column":0},"end":{"line":127,"column":8}},"127":{"start":{"line":128,"column":0},"end":{"line":128,"column":10}},"129":{"start":{"line":130,"column":0},"end":{"line":130,"column":1}},"131":{"start":{"line":132,"column":0},"end":{"line":132,"column":21}}},"s":{"0":1,"1":1,"2":1,"3":1,"4":1,"5":1,"15":1,"16":31,"17":31,"18":31,"20":31,"21":0,"22":0,"24":31,"25":0,"26":0,"28":31,"29":31,"30":31,"31":31,"32":31,"33":31,"35":31,"36":31,"37":31,"38":31,"39":0,"40":0,"41":0,"43":0,"44":0,"45":0,"46":0,"48":0,"49":0,"50":0,"51":0,"53":0,"54":0,"55":0,"56":31,"57":31,"59":31,"60":31,"61":2,"62":2,"63":2,"64":2,"65":2,"66":0,"67":0,"68":0,"69":0,"70":0,"71":0,"72":2,"75":31,"76":31,"77":2,"79":29,"80":29,"81":29,"82":29,"83":29,"84":29,"86":31,"88":31,"89":30,"90":30,"91":30,"93":30,"94":30,"95":30,"96":0,"97":0,"98":0,"100":0,"101":0,"102":0,"103":0,"105":0,"106":0,"107":0,"108":0,"110":0,"111":0,"112":0,"113":30,"114":30,"115":30,"116":30,"117":30,"118":30,"120":31,"121":31,"123":31,"124":31,"125":31,"126":31,"127":31,"129":31,"131":1},"branchMap":{"0":{"type":"branch","line":16,"loc":{"start":{"line":16,"column":15},"end":{"line":130,"column":1}},"locations":[{"start":{"line":16,"column":15},"end":{"line":130,"column":1}}]},"1":{"type":"branch","line":61,"loc":{"start":{"line":61,"column":25},"end":{"line":73,"column":14}},"locations":[{"start":{"line":61,"column":25},"end":{"line":73,"column":14}}]},"2":{"type":"branch","line":77,"loc":{"start":{"line":77,"column":13},"end":{"line":78,"column":50}},"locations":[{"start":{"line":77,"column":13},"end":{"line":78,"column":50}}]},"3":{"type":"branch","line":78,"loc":{"start":{"line":78,"column":48},"end":{"line":85,"column":20}},"locations":[{"start":{"line":78,"column":48},"end":{"line":85,"column":20}}]},"4":{"type":"branch","line":89,"loc":{"start":{"line":89,"column":11},"end":{"line":119,"column":18}},"locations":[{"start":{"line":89,"column":11},"end":{"line":119,"column":18}}]},"5":{"type":"branch","line":117,"loc":{"start":{"line":117,"column":30},"end":{"line":117,"column":48}},"locations":[{"start":{"line":117,"column":30},"end":{"line":117,"column":48}}]},"6":{"type":"branch","line":126,"loc":{"start":{"line":126,"column":26},"end":{"line":126,"column":73}},"locations":[{"start":{"line":126,"column":26},"end":{"line":126,"column":73}}]}},"b":{"0":[31],"1":[2],"2":[2],"3":[29],"4":[30],"5":[2],"6":[2]},"fnMap":{"0":{"name":"Layout","decl":{"start":{"line":16,"column":15},"end":{"line":130,"column":1}},"loc":{"start":{"line":16,"column":15},"end":{"line":130,"column":1}},"line":16},"1":{"name":"handleSidebarResize","decl":{"start":{"line":21,"column":30},"end":{"line":23,"column":3}},"loc":{"start":{"line":21,"column":30},"end":{"line":23,"column":3}},"line":21},"2":{"name":"handleTerminalResize","decl":{"start":{"line":25,"column":31},"end":{"line":27,"column":3}},"loc":{"start":{"line":25,"column":31},"end":{"line":27,"column":3}},"line":25},"3":{"name":"onMouseDown","decl":{"start":{"line":39,"column":25},"end":{"line":56,"column":14}},"loc":{"start":{"line":39,"column":25},"end":{"line":56,"column":14}},"line":39},"4":{"name":"onTabClose","decl":{"start":{"line":66,"column":26},"end":{"line":72,"column":16}},"loc":{"start":{"line":66,"column":26},"end":{"line":72,"column":16}},"line":66},"5":{"name":"onMouseDown","decl":{"start":{"line":96,"column":29},"end":{"line":113,"column":18}},"loc":{"start":{"line":96,"column":29},"end":{"line":113,"column":18}},"line":96},"6":{"name":"onClose","decl":{"start":{"line":116,"column":25},"end":{"line":116,"column":60}},"loc":{"start":{"line":116,"column":25},"end":{"line":116,"column":60}},"line":116},"7":{"name":"onToggleTerminal","decl":{"start":{"line":126,"column":26},"end":{"line":126,"column":73}},"loc":{"start":{"line":126,"column":26},"end":{"line":126,"column":73}},"line":126}},"f":{"0":31,"1":0,"2":0,"3":0,"4":0,"5":0,"6":0,"7":2}}
,"/home/ichimaru/git/pg_editor/src/components/Sidebar.tsx": {"path":"/home/ichimaru/git/pg_editor/src/components/Sidebar.tsx","all":false,"statementMap":{"0":{"start":{"line":1,"column":0},"end":{"line":1,"column":32}},"1":{"start":{"line":2,"column":0},"end":{"line":2,"column":33}},"2":{"start":{"line":3,"column":0},"end":{"line":3,"column":61}},"11":{"start":{"line":12,"column":0},"end":{"line":12,"column":72}},"12":{"start":{"line":13,"column":0},"end":{"line":13,"column":91}},"13":{"start":{"line":14,"column":0},"end":{"line":14,"column":47}},"15":{"start":{"line":16,"column":0},"end":{"line":16,"column":82}},"16":{"start":{"line":17,"column":0},"end":{"line":17,"column":65}},"17":{"start":{"line":18,"column":0},"end":{"line":18,"column":22}},"18":{"start":{"line":19,"column":0},"end":{"line":19,"column":30}},"19":{"start":{"line":20,"column":0},"end":{"line":20,"column":12}},"20":{"start":{"line":21,"column":0},"end":{"line":21,"column":27}},"21":{"start":{"line":22,"column":0},"end":{"line":22,"column":34}},"22":{"start":{"line":23,"column":0},"end":{"line":23,"column":15}},"23":{"start":{"line":24,"column":0},"end":{"line":24,"column":23}},"24":{"start":{"line":25,"column":0},"end":{"line":25,"column":23}},"25":{"start":{"line":26,"column":0},"end":{"line":26,"column":23}},"26":{"start":{"line":27,"column":0},"end":{"line":27,"column":7}},"27":{"start":{"line":28,"column":0},"end":{"line":28,"column":37}},"28":{"start":{"line":29,"column":0},"end":{"line":29,"column":25}},"29":{"start":{"line":30,"column":0},"end":{"line":30,"column":5}},"30":{"start":{"line":31,"column":0},"end":{"line":31,"column":3}},"32":{"start":{"line":33,"column":0},"end":{"line":33,"column":37}},"33":{"start":{"line":34,"column":0},"end":{"line":34,"column":47}},"34":{"start":{"line":35,"column":0},"end":{"line":35,"column":19}},"35":{"start":{"line":36,"column":0},"end":{"line":36,"column":49}},"36":{"start":{"line":37,"column":0},"end":{"line":37,"column":51}},"37":{"start":{"line":38,"column":0},"end":{"line":38,"column":5}},"38":{"start":{"line":39,"column":0},"end":{"line":39,"column":3}},"40":{"start":{"line":41,"column":0},"end":{"line":41,"column":10}},"41":{"start":{"line":42,"column":0},"end":{"line":42,"column":42}},"42":{"start":{"line":43,"column":0},"end":{"line":43,"column":58}},"43":{"start":{"line":44,"column":0},"end":{"line":44,"column":15}},"44":{"start":{"line":45,"column":0},"end":{"line":45,"column":74}},"45":{"start":{"line":46,"column":0},"end":{"line":46,"column":38}},"46":{"start":{"line":47,"column":0},"end":{"line":47,"column":41}},"47":{"start":{"line":48,"column":0},"end":{"line":48,"column":48}},"48":{"start":{"line":49,"column":0},"end":{"line":49,"column":13}},"49":{"start":{"line":50,"column":0},"end":{"line":50,"column":52}},"50":{"start":{"line":51,"column":0},"end":{"line":51,"column":9}},"52":{"start":{"line":53,"column":0},"end":{"line":53,"column":17}},"53":{"start":{"line":54,"column":0},"end":{"line":54,"column":15}},"54":{"start":{"line":55,"column":0},"end":{"line":55,"column":74}},"55":{"start":{"line":56,"column":0},"end":{"line":56,"column":36}},"56":{"start":{"line":57,"column":0},"end":{"line":57,"column":41}},"57":{"start":{"line":58,"column":0},"end":{"line":58,"column":48}},"58":{"start":{"line":59,"column":0},"end":{"line":59,"column":13}},"59":{"start":{"line":60,"column":0},"end":{"line":60,"column":50}},"60":{"start":{"line":61,"column":0},"end":{"line":61,"column":9}},"62":{"start":{"line":63,"column":0},"end":{"line":63,"column":17}},"63":{"start":{"line":64,"column":0},"end":{"line":64,"column":15}},"64":{"start":{"line":65,"column":0},"end":{"line":65,"column":74}},"65":{"start":{"line":66,"column":0},"end":{"line":66,"column":96}},"66":{"start":{"line":67,"column":0},"end":{"line":67,"column":13}},"67":{"start":{"line":68,"column":0},"end":{"line":68,"column":47}},"68":{"start":{"line":69,"column":0},"end":{"line":69,"column":9}},"70":{"start":{"line":71,"column":0},"end":{"line":71,"column":17}},"71":{"start":{"line":72,"column":0},"end":{"line":72,"column":12}},"73":{"start":{"line":74,"column":0},"end":{"line":74,"column":44}},"74":{"start":{"line":75,"column":0},"end":{"line":75,"column":40}},"75":{"start":{"line":76,"column":0},"end":{"line":76,"column":31}},"76":{"start":{"line":77,"column":0},"end":{"line":77,"column":68}},"77":{"start":{"line":78,"column":0},"end":{"line":78,"column":87}},"78":{"start":{"line":79,"column":0},"end":{"line":79,"column":21}},"79":{"start":{"line":80,"column":0},"end":{"line":80,"column":39}},"80":{"start":{"line":81,"column":0},"end":{"line":81,"column":110}},"81":{"start":{"line":82,"column":0},"end":{"line":82,"column":15}},"83":{"start":{"line":84,"column":0},"end":{"line":84,"column":23}},"84":{"start":{"line":85,"column":0},"end":{"line":85,"column":18}},"85":{"start":{"line":86,"column":0},"end":{"line":86,"column":68}},"86":{"start":{"line":87,"column":0},"end":{"line":87,"column":16}},"88":{"start":{"line":89,"column":0},"end":{"line":89,"column":38}},"89":{"start":{"line":90,"column":0},"end":{"line":90,"column":57}},"90":{"start":{"line":91,"column":0},"end":{"line":91,"column":51}},"91":{"start":{"line":92,"column":0},"end":{"line":92,"column":16}},"93":{"start":{"line":94,"column":0},"end":{"line":94,"column":35}},"94":{"start":{"line":95,"column":0},"end":{"line":95,"column":57}},"95":{"start":{"line":96,"column":0},"end":{"line":96,"column":46}},"96":{"start":{"line":97,"column":0},"end":{"line":97,"column":16}},"98":{"start":{"line":99,"column":0},"end":{"line":99,"column":12}},"99":{"start":{"line":100,"column":0},"end":{"line":100,"column":10}},"101":{"start":{"line":102,"column":0},"end":{"line":102,"column":1}},"103":{"start":{"line":104,"column":0},"end":{"line":104,"column":22}}},"s":{"0":1,"1":1,"2":1,"11":1,"12":33,"13":33,"15":33,"16":1,"17":1,"18":0,"19":1,"20":1,"21":1,"22":1,"23":1,"24":1,"25":1,"26":1,"27":1,"28":1,"29":1,"30":1,"32":33,"33":1,"34":1,"35":1,"36":1,"37":1,"38":1,"40":33,"41":33,"42":33,"43":33,"44":33,"45":33,"46":31,"47":2,"48":33,"49":33,"50":33,"52":33,"53":33,"54":33,"55":33,"56":1,"57":32,"58":33,"59":33,"60":33,"62":33,"63":33,"64":33,"65":33,"66":33,"67":33,"68":33,"70":33,"71":33,"73":33,"74":33,"75":31,"76":31,"77":31,"78":31,"79":31,"80":31,"81":31,"83":31,"84":31,"85":31,"86":31,"88":33,"89":1,"90":1,"91":1,"93":33,"94":1,"95":1,"96":1,"98":33,"99":33,"101":33,"103":1},"branchMap":{"0":{"type":"branch","line":12,"loc":{"start":{"line":12,"column":16},"end":{"line":102,"column":1}},"locations":[{"start":{"line":12,"column":16},"end":{"line":102,"column":1}}]},"1":{"type":"branch","line":46,"loc":{"start":{"line":46,"column":28},"end":{"line":47,"column":41}},"locations":[{"start":{"line":46,"column":28},"end":{"line":47,"column":41}}]},"2":{"type":"branch","line":47,"loc":{"start":{"line":47,"column":16},"end":{"line":48,"column":48}},"locations":[{"start":{"line":47,"column":16},"end":{"line":48,"column":48}}]},"3":{"type":"branch","line":56,"loc":{"start":{"line":56,"column":28},"end":{"line":57,"column":41}},"locations":[{"start":{"line":56,"column":28},"end":{"line":57,"column":41}}]},"4":{"type":"branch","line":57,"loc":{"start":{"line":57,"column":16},"end":{"line":58,"column":48}},"locations":[{"start":{"line":57,"column":16},"end":{"line":58,"column":48}}]},"5":{"type":"branch","line":66,"loc":{"start":{"line":66,"column":28},"end":{"line":66,"column":64}},"locations":[{"start":{"line":66,"column":28},"end":{"line":66,"column":64}}]},"6":{"type":"branch","line":66,"loc":{"start":{"line":66,"column":36},"end":{"line":66,"column":96}},"locations":[{"start":{"line":66,"column":36},"end":{"line":66,"column":96}}]},"7":{"type":"branch","line":75,"loc":{"start":{"line":75,"column":25},"end":{"line":87,"column":16}},"locations":[{"start":{"line":75,"column":25},"end":{"line":87,"column":16}}]},"8":{"type":"branch","line":89,"loc":{"start":{"line":89,"column":25},"end":{"line":92,"column":16}},"locations":[{"start":{"line":89,"column":25},"end":{"line":92,"column":16}}]},"9":{"type":"branch","line":94,"loc":{"start":{"line":94,"column":25},"end":{"line":97,"column":16}},"locations":[{"start":{"line":94,"column":25},"end":{"line":97,"column":16}}]},"10":{"type":"branch","line":16,"loc":{"start":{"line":16,"column":25},"end":{"line":31,"column":3}},"locations":[{"start":{"line":16,"column":25},"end":{"line":31,"column":3}}]},"11":{"type":"branch","line":18,"loc":{"start":{"line":18,"column":21},"end":{"line":20,"column":11}},"locations":[{"start":{"line":18,"column":21},"end":{"line":20,"column":11}}]},"12":{"type":"branch","line":33,"loc":{"start":{"line":33,"column":24},"end":{"line":39,"column":3}},"locations":[{"start":{"line":33,"column":24},"end":{"line":39,"column":3}}]},"13":{"type":"branch","line":60,"loc":{"start":{"line":60,"column":19},"end":{"line":60,"column":50}},"locations":[{"start":{"line":60,"column":19},"end":{"line":60,"column":50}}]},"14":{"type":"branch","line":68,"loc":{"start":{"line":68,"column":19},"end":{"line":68,"column":47}},"locations":[{"start":{"line":68,"column":19},"end":{"line":68,"column":47}}]}},"b":{"0":[33],"1":[31],"2":[2],"3":[1],"4":[32],"5":[1],"6":[32],"7":[31],"8":[1],"9":[1],"10":[1],"11":[0],"12":[1],"13":[1],"14":[1]},"fnMap":{"0":{"name":"Sidebar","decl":{"start":{"line":12,"column":16},"end":{"line":102,"column":1}},"loc":{"start":{"line":12,"column":16},"end":{"line":102,"column":1}},"line":12},"1":{"name":"handleFileOpen","decl":{"start":{"line":16,"column":25},"end":{"line":31,"column":3}},"loc":{"start":{"line":16,"column":25},"end":{"line":31,"column":3}},"line":16},"2":{"name":"handleNewFile","decl":{"start":{"line":33,"column":24},"end":{"line":39,"column":3}},"loc":{"start":{"line":33,"column":24},"end":{"line":39,"column":3}},"line":33},"3":{"name":"onClick","decl":{"start":{"line":50,"column":19},"end":{"line":50,"column":52}},"loc":{"start":{"line":50,"column":19},"end":{"line":50,"column":52}},"line":50},"4":{"name":"onClick","decl":{"start":{"line":60,"column":19},"end":{"line":60,"column":50}},"loc":{"start":{"line":60,"column":19},"end":{"line":60,"column":50}},"line":60},"5":{"name":"onClick","decl":{"start":{"line":68,"column":19},"end":{"line":68,"column":47}},"loc":{"start":{"line":68,"column":19},"end":{"line":68,"column":47}},"line":68}},"f":{"0":33,"1":1,"2":1,"3":0,"4":1,"5":1}}
,"/home/ichimaru/git/pg_editor/src/components/StatusBar.tsx": {"path":"/home/ichimaru/git/pg_editor/src/components/StatusBar.tsx","all":false,"statementMap":{"0":{"start":{"line":1,"column":0},"end":{"line":1,"column":51}},"1":{"start":{"line":2,"column":0},"end":{"line":2,"column":57}},"8":{"start":{"line":9,"column":0},"end":{"line":9,"column":80}},"9":{"start":{"line":10,"column":0},"end":{"line":10,"column":50}},"10":{"start":{"line":11,"column":0},"end":{"line":11,"column":36}},"12":{"start":{"line":13,"column":0},"end":{"line":13,"column":10}},"13":{"start":{"line":14,"column":0},"end":{"line":14,"column":136}},"14":{"start":{"line":15,"column":0},"end":{"line":15,"column":51}},"15":{"start":{"line":16,"column":0},"end":{"line":16,"column":37}},"16":{"start":{"line":17,"column":0},"end":{"line":17,"column":26}},"17":{"start":{"line":18,"column":0},"end":{"line":18,"column":47}},"18":{"start":{"line":19,"column":0},"end":{"line":19,"column":12}},"20":{"start":{"line":21,"column":0},"end":{"line":21,"column":51}},"21":{"start":{"line":22,"column":0},"end":{"line":22,"column":15}},"22":{"start":{"line":23,"column":0},"end":{"line":23,"column":36}},"23":{"start":{"line":24,"column":0},"end":{"line":24,"column":56}},"24":{"start":{"line":25,"column":0},"end":{"line":25,"column":33}},"25":{"start":{"line":26,"column":0},"end":{"line":26,"column":9}},"26":{"start":{"line":27,"column":0},"end":{"line":27,"column":50}},"27":{"start":{"line":28,"column":0},"end":{"line":28,"column":17}},"28":{"start":{"line":29,"column":0},"end":{"line":29,"column":15}},"29":{"start":{"line":30,"column":0},"end":{"line":30,"column":52}},"30":{"start":{"line":31,"column":0},"end":{"line":31,"column":56}},"31":{"start":{"line":32,"column":0},"end":{"line":32,"column":30}},"33":{"start":{"line":34,"column":0},"end":{"line":34,"column":36}},"34":{"start":{"line":35,"column":0},"end":{"line":35,"column":17}},"35":{"start":{"line":36,"column":0},"end":{"line":36,"column":26}},"36":{"start":{"line":37,"column":0},"end":{"line":37,"column":12}},"37":{"start":{"line":38,"column":0},"end":{"line":38,"column":10}},"39":{"start":{"line":40,"column":0},"end":{"line":40,"column":1}},"41":{"start":{"line":42,"column":0},"end":{"line":42,"column":24}}},"s":{"0":1,"1":1,"8":1,"9":31,"10":31,"12":31,"13":31,"14":31,"15":31,"16":31,"17":31,"18":31,"20":31,"21":31,"22":31,"23":31,"24":31,"25":31,"26":31,"27":31,"28":31,"29":31,"30":31,"31":31,"33":31,"34":31,"35":31,"36":31,"37":31,"39":31,"41":1},"branchMap":{"0":{"type":"branch","line":9,"loc":{"start":{"line":9,"column":18},"end":{"line":40,"column":1}},"locations":[{"start":{"line":9,"column":18},"end":{"line":40,"column":1}}]},"1":{"type":"branch","line":27,"loc":{"start":{"line":27,"column":20},"end":{"line":27,"column":46}},"locations":[{"start":{"line":27,"column":20},"end":{"line":27,"column":46}}]},"2":{"type":"branch","line":27,"loc":{"start":{"line":27,"column":40},"end":{"line":27,"column":50}},"locations":[{"start":{"line":27,"column":40},"end":{"line":27,"column":50}}]},"3":{"type":"branch","line":34,"loc":{"start":{"line":34,"column":11},"end":{"line":34,"column":31}},"locations":[{"start":{"line":34,"column":11},"end":{"line":34,"column":31}}]},"4":{"type":"branch","line":34,"loc":{"start":{"line":34,"column":24},"end":{"line":34,"column":36}},"locations":[{"start":{"line":34,"column":24},"end":{"line":34,"column":36}}]},"5":{"type":"branch","line":30,"loc":{"start":{"line":30,"column":19},"end":{"line":30,"column":52}},"locations":[{"start":{"line":30,"column":19},"end":{"line":30,"column":52}}]}},"b":{"0":[31],"1":[30],"2":[1],"3":[30],"4":[1],"5":[2]},"fnMap":{"0":{"name":"StatusBar","decl":{"start":{"line":9,"column":18},"end":{"line":40,"column":1}},"loc":{"start":{"line":9,"column":18},"end":{"line":40,"column":1}},"line":9},"1":{"name":"onClick","decl":{"start":{"line":30,"column":19},"end":{"line":30,"column":52}},"loc":{"start":{"line":30,"column":19},"end":{"line":30,"column":52}},"line":30}},"f":{"0":31,"1":2}}
,"/home/ichimaru/git/pg_editor/src/components/Terminal.tsx": {"path":"/home/ichimaru/git/pg_editor/src/components/Terminal.tsx","all":false,"statementMap":{"0":{"start":{"line":1,"column":0},"end":{"line":1,"column":41}},"1":{"start":{"line":2,"column":0},"end":{"line":2,"column":41}},"2":{"start":{"line":3,"column":0},"end":{"line":3,"column":42}},"3":{"start":{"line":4,"column":0},"end":{"line":4,"column":28}},"4":{"start":{"line":5,"column":0},"end":{"line":5,"column":51}},"5":{"start":{"line":6,"column":0},"end":{"line":6,"column":48}},"6":{"start":{"line":7,"column":0},"end":{"line":7,"column":61}},"13":{"start":{"line":14,"column":0},"end":{"line":14,"column":64}},"14":{"start":{"line":15,"column":0},"end":{"line":15,"column":50}},"15":{"start":{"line":16,"column":0},"end":{"line":16,"column":45}},"16":{"start":{"line":17,"column":0},"end":{"line":17,"column":51}},"17":{"start":{"line":18,"column":0},"end":{"line":18,"column":35}},"18":{"start":{"line":19,"column":0},"end":{"line":19,"column":43}},"19":{"start":{"line":20,"column":0},"end":{"line":20,"column":35}},"21":{"start":{"line":22,"column":0},"end":{"line":22,"column":19}},"22":{"start":{"line":23,"column":0},"end":{"line":23,"column":36}},"24":{"start":{"line":25,"column":0},"end":{"line":25,"column":32}},"25":{"start":{"line":26,"column":0},"end":{"line":26,"column":14}},"26":{"start":{"line":27,"column":0},"end":{"line":27,"column":55}},"27":{"start":{"line":28,"column":0},"end":{"line":28,"column":55}},"28":{"start":{"line":29,"column":0},"end":{"line":29,"column":51}},"29":{"start":{"line":30,"column":0},"end":{"line":30,"column":25}},"30":{"start":{"line":31,"column":0},"end":{"line":31,"column":23}},"31":{"start":{"line":32,"column":0},"end":{"line":32,"column":25}},"32":{"start":{"line":33,"column":0},"end":{"line":33,"column":26}},"33":{"start":{"line":34,"column":0},"end":{"line":34,"column":24}},"34":{"start":{"line":35,"column":0},"end":{"line":35,"column":27}},"35":{"start":{"line":36,"column":0},"end":{"line":36,"column":24}},"36":{"start":{"line":37,"column":0},"end":{"line":37,"column":25}},"37":{"start":{"line":38,"column":0},"end":{"line":38,"column":31}},"38":{"start":{"line":39,"column":0},"end":{"line":39,"column":29}},"39":{"start":{"line":40,"column":0},"end":{"line":40,"column":31}},"40":{"start":{"line":41,"column":0},"end":{"line":41,"column":32}},"41":{"start":{"line":42,"column":0},"end":{"line":42,"column":30}},"42":{"start":{"line":43,"column":0},"end":{"line":43,"column":33}},"43":{"start":{"line":44,"column":0},"end":{"line":44,"column":30}},"44":{"start":{"line":45,"column":0},"end":{"line":45,"column":31}},"45":{"start":{"line":46,"column":0},"end":{"line":46,"column":8}},"46":{"start":{"line":47,"column":0},"end":{"line":47,"column":63}},"47":{"start":{"line":48,"column":0},"end":{"line":48,"column":19}},"48":{"start":{"line":49,"column":0},"end":{"line":49,"column":24}},"49":{"start":{"line":50,"column":0},"end":{"line":50,"column":23}},"50":{"start":{"line":51,"column":0},"end":{"line":51,"column":6}},"52":{"start":{"line":53,"column":0},"end":{"line":53,"column":35}},"53":{"start":{"line":54,"column":0},"end":{"line":54,"column":32}},"55":{"start":{"line":56,"column":0},"end":{"line":56,"column":38}},"56":{"start":{"line":57,"column":0},"end":{"line":57,"column":18}},"58":{"start":{"line":59,"column":0},"end":{"line":59,"column":31}},"59":{"start":{"line":60,"column":0},"end":{"line":60,"column":34}},"61":{"start":{"line":62,"column":0},"end":{"line":62,"column":54}},"62":{"start":{"line":63,"column":0},"end":{"line":63,"column":59}},"63":{"start":{"line":64,"column":0},"end":{"line":64,"column":28}},"65":{"start":{"line":66,"column":0},"end":{"line":66,"column":24}},"67":{"start":{"line":68,"column":0},"end":{"line":68,"column":42}},"68":{"start":{"line":69,"column":0},"end":{"line":69,"column":26}},"69":{"start":{"line":70,"column":0},"end":{"line":70,"column":30}},"70":{"start":{"line":71,"column":0},"end":{"line":71,"column":35}},"71":{"start":{"line":72,"column":0},"end":{"line":72,"column":24}},"72":{"start":{"line":73,"column":0},"end":{"line":73,"column":28}},"73":{"start":{"line":74,"column":0},"end":{"line":74,"column":37}},"74":{"start":{"line":75,"column":0},"end":{"line":75,"column":37}},"75":{"start":{"line":76,"column":0},"end":{"line":76,"column":48}},"76":{"start":{"line":77,"column":0},"end":{"line":77,"column":33}},"77":{"start":{"line":78,"column":0},"end":{"line":78,"column":9}},"78":{"start":{"line":79,"column":0},"end":{"line":79,"column":31}},"79":{"start":{"line":80,"column":0},"end":{"line":80,"column":27}},"80":{"start":{"line":81,"column":0},"end":{"line":81,"column":28}},"81":{"start":{"line":82,"column":0},"end":{"line":82,"column":7}},"82":{"start":{"line":83,"column":0},"end":{"line":83,"column":5}},"84":{"start":{"line":85,"column":0},"end":{"line":85,"column":49}},"85":{"start":{"line":86,"column":0},"end":{"line":86,"column":43}},"87":{"start":{"line":88,"column":0},"end":{"line":88,"column":38}},"88":{"start":{"line":89,"column":0},"end":{"line":89,"column":47}},"89":{"start":{"line":90,"column":0},"end":{"line":90,"column":63}},"90":{"start":{"line":91,"column":0},"end":{"line":91,"column":59}},"91":{"start":{"line":92,"column":0},"end":{"line":92,"column":61}},"92":{"start":{"line":93,"column":0},"end":{"line":93,"column":60}},"93":{"start":{"line":94,"column":0},"end":{"line":94,"column":67}},"94":{"start":{"line":95,"column":0},"end":{"line":95,"column":46}},"95":{"start":{"line":96,"column":0},"end":{"line":96,"column":24}},"96":{"start":{"line":97,"column":0},"end":{"line":97,"column":54}},"97":{"start":{"line":98,"column":0},"end":{"line":98,"column":53}},"98":{"start":{"line":99,"column":0},"end":{"line":99,"column":45}},"99":{"start":{"line":100,"column":0},"end":{"line":100,"column":47}},"100":{"start":{"line":101,"column":0},"end":{"line":101,"column":44}},"101":{"start":{"line":102,"column":0},"end":{"line":102,"column":27}},"102":{"start":{"line":103,"column":0},"end":{"line":103,"column":61}},"103":{"start":{"line":104,"column":0},"end":{"line":104,"column":21}},"104":{"start":{"line":105,"column":0},"end":{"line":105,"column":55}},"105":{"start":{"line":106,"column":0},"end":{"line":106,"column":48}},"106":{"start":{"line":107,"column":0},"end":{"line":107,"column":18}},"107":{"start":{"line":108,"column":0},"end":{"line":108,"column":53}},"108":{"start":{"line":109,"column":0},"end":{"line":109,"column":11}},"109":{"start":{"line":110,"column":0},"end":{"line":110,"column":16}},"110":{"start":{"line":111,"column":0},"end":{"line":111,"column":51}},"111":{"start":{"line":112,"column":0},"end":{"line":112,"column":9}},"112":{"start":{"line":113,"column":0},"end":{"line":113,"column":41}},"113":{"start":{"line":114,"column":0},"end":{"line":114,"column":64}},"114":{"start":{"line":115,"column":0},"end":{"line":115,"column":7}},"115":{"start":{"line":116,"column":0},"end":{"line":116,"column":5}},"117":{"start":{"line":118,"column":0},"end":{"line":118,"column":31}},"119":{"start":{"line":120,"column":0},"end":{"line":120,"column":32}},"120":{"start":{"line":121,"column":0},"end":{"line":121,"column":32}},"121":{"start":{"line":122,"column":0},"end":{"line":122,"column":33}},"122":{"start":{"line":123,"column":0},"end":{"line":123,"column":7}},"123":{"start":{"line":124,"column":0},"end":{"line":124,"column":5}},"125":{"start":{"line":126,"column":0},"end":{"line":126,"column":51}},"127":{"start":{"line":128,"column":0},"end":{"line":128,"column":18}},"128":{"start":{"line":129,"column":0},"end":{"line":129,"column":56}},"129":{"start":{"line":130,"column":0},"end":{"line":130,"column":24}},"130":{"start":{"line":131,"column":0},"end":{"line":131,"column":5}},"131":{"start":{"line":132,"column":0},"end":{"line":132,"column":48}},"133":{"start":{"line":134,"column":0},"end":{"line":134,"column":19}},"134":{"start":{"line":135,"column":0},"end":{"line":135,"column":33}},"136":{"start":{"line":137,"column":0},"end":{"line":137,"column":33}},"137":{"start":{"line":138,"column":0},"end":{"line":138,"column":40}},"138":{"start":{"line":139,"column":0},"end":{"line":139,"column":71}},"140":{"start":{"line":141,"column":0},"end":{"line":141,"column":28}},"141":{"start":{"line":142,"column":0},"end":{"line":142,"column":21}},"142":{"start":{"line":143,"column":0},"end":{"line":143,"column":84}},"143":{"start":{"line":144,"column":0},"end":{"line":144,"column":15}},"144":{"start":{"line":145,"column":0},"end":{"line":145,"column":20}},"145":{"start":{"line":146,"column":0},"end":{"line":146,"column":83}},"146":{"start":{"line":147,"column":0},"end":{"line":147,"column":15}},"147":{"start":{"line":148,"column":0},"end":{"line":148,"column":20}},"148":{"start":{"line":149,"column":0},"end":{"line":149,"column":83}},"149":{"start":{"line":150,"column":0},"end":{"line":150,"column":15}},"150":{"start":{"line":151,"column":0},"end":{"line":151,"column":19}},"151":{"start":{"line":152,"column":0},"end":{"line":152,"column":62}},"152":{"start":{"line":153,"column":0},"end":{"line":153,"column":15}},"153":{"start":{"line":154,"column":0},"end":{"line":154,"column":22}},"154":{"start":{"line":155,"column":0},"end":{"line":155,"column":77}},"155":{"start":{"line":156,"column":0},"end":{"line":156,"column":34}},"156":{"start":{"line":157,"column":0},"end":{"line":157,"column":15}},"157":{"start":{"line":158,"column":0},"end":{"line":158,"column":16}},"158":{"start":{"line":159,"column":0},"end":{"line":159,"column":62}},"159":{"start":{"line":160,"column":0},"end":{"line":160,"column":7}},"160":{"start":{"line":161,"column":0},"end":{"line":161,"column":6}},"161":{"start":{"line":162,"column":0},"end":{"line":162,"column":15}},"163":{"start":{"line":164,"column":0},"end":{"line":164,"column":10}},"164":{"start":{"line":165,"column":0},"end":{"line":165,"column":55}},"165":{"start":{"line":166,"column":0},"end":{"line":166,"column":115}},"166":{"start":{"line":167,"column":0},"end":{"line":167,"column":61}},"167":{"start":{"line":168,"column":0},"end":{"line":168,"column":15}},"168":{"start":{"line":169,"column":0},"end":{"line":169,"column":27}},"169":{"start":{"line":170,"column":0},"end":{"line":170,"column":70}},"170":{"start":{"line":171,"column":0},"end":{"line":171,"column":32}},"171":{"start":{"line":172,"column":0},"end":{"line":172,"column":9}},"173":{"start":{"line":174,"column":0},"end":{"line":174,"column":17}},"174":{"start":{"line":175,"column":0},"end":{"line":175,"column":12}},"175":{"start":{"line":176,"column":0},"end":{"line":176,"column":54}},"176":{"start":{"line":177,"column":0},"end":{"line":177,"column":10}},"178":{"start":{"line":179,"column":0},"end":{"line":179,"column":1}},"180":{"start":{"line":181,"column":0},"end":{"line":181,"column":23}}},"s":{"0":1,"1":1,"2":1,"3":1,"4":1,"5":1,"6":1,"13":1,"14":30,"15":30,"16":30,"17":30,"18":30,"19":30,"21":30,"22":30,"24":30,"25":30,"26":30,"27":30,"28":30,"29":30,"30":30,"31":30,"32":30,"33":30,"34":30,"35":30,"36":30,"37":30,"38":30,"39":30,"40":30,"41":30,"42":30,"43":30,"44":30,"45":30,"46":30,"47":30,"48":30,"49":30,"50":30,"52":30,"53":30,"55":30,"56":30,"58":30,"59":30,"61":30,"62":30,"63":30,"65":30,"67":30,"68":0,"69":0,"70":0,"71":0,"72":0,"73":0,"74":0,"75":0,"76":0,"77":0,"78":0,"79":0,"80":0,"81":0,"82":0,"84":30,"85":0,"87":0,"88":0,"89":0,"90":0,"91":0,"92":0,"93":0,"94":0,"95":0,"96":0,"97":0,"98":0,"99":0,"100":0,"101":0,"102":0,"103":0,"104":0,"105":0,"106":0,"107":0,"108":0,"109":0,"110":0,"111":0,"112":0,"113":0,"114":0,"115":0,"117":30,"119":30,"120":0,"121":0,"122":0,"123":0,"125":30,"127":30,"128":30,"129":30,"130":30,"131":30,"133":30,"134":9,"136":9,"137":0,"138":0,"140":0,"141":0,"142":0,"143":0,"144":0,"145":0,"146":0,"147":0,"148":0,"149":0,"150":0,"151":0,"152":0,"153":0,"154":0,"155":0,"156":0,"157":0,"158":0,"159":0,"160":9,"161":30,"163":30,"164":30,"165":30,"166":30,"167":30,"168":30,"169":30,"170":30,"171":30,"173":30,"174":30,"175":30,"176":30,"178":30,"180":1},"branchMap":{"0":{"type":"branch","line":14,"loc":{"start":{"line":14,"column":17},"end":{"line":179,"column":1}},"locations":[{"start":{"line":14,"column":17},"end":{"line":179,"column":1}}]},"1":{"type":"branch","line":22,"loc":{"start":{"line":22,"column":12},"end":{"line":132,"column":5}},"locations":[{"start":{"line":22,"column":12},"end":{"line":132,"column":5}}]},"2":{"type":"branch","line":23,"loc":{"start":{"line":23,"column":30},"end":{"line":23,"column":36}},"locations":[{"start":{"line":23,"column":30},"end":{"line":23,"column":36}}]},"3":{"type":"branch","line":27,"loc":{"start":{"line":27,"column":20},"end":{"line":27,"column":45}},"locations":[{"start":{"line":27,"column":20},"end":{"line":27,"column":4
[...]
01,"column":47}},"101":{"start":{"line":102,"column":0},"end":{"line":102,"column":46}},"102":{"start":{"line":103,"column":0},"end":{"line":103,"column":5}},"103":{"start":{"line":104,"column":0},"end":{"line":104,"column":16}},"104":{"start":{"line":105,"column":0},"end":{"line":105,"column":3}},"105":{"start":{"line":106,"column":0},"end":{"line":106,"column":1}},"107":{"start":{"line":108,"column":0},"end":{"line":108,"column":85}},"108":{"start":{"line":109,"column":0},"end":{"line":109,"column":43}},"109":{"start":{"line":110,"column":0},"end":{"line":110,"column":50}},"110":{"start":{"line":111,"column":0},"end":{"line":111,"column":15}},"111":{"start":{"line":112,"column":0},"end":{"line":112,"column":3}},"113":{"start":{"line":114,"column":0},"end":{"line":114,"column":7}},"114":{"start":{"line":115,"column":0},"end":{"line":115,"column":65}},"115":{"start":{"line":116,"column":0},"end":{"line":116,"column":20}},"116":{"start":{"line":117,"column":0},"end":{"line":117,"column":17}},"117":{"start":{"line":118,"column":0},"end":{"line":118,"column":47}},"118":{"start":{"line":119,"column":0},"end":{"line":119,"column":52}},"119":{"start":{"line":120,"column":0},"end":{"line":120,"column":5}},"120":{"start":{"line":121,"column":0},"end":{"line":121,"column":15}},"121":{"start":{"line":122,"column":0},"end":{"line":122,"column":3}},"122":{"start":{"line":123,"column":0},"end":{"line":123,"column":1}}},"s":{"6":1,"7":2,"8":2,"9":2,"10":2,"11":2,"12":2,"14":1,"15":4,"16":1,"17":1,"18":1,"20":3,"21":3,"22":3,"23":3,"24":3,"25":3,"26":3,"27":3,"28":3,"29":3,"30":3,"31":3,"32":3,"33":3,"34":3,"35":3,"36":3,"37":3,"38":3,"39":3,"40":3,"41":3,"42":3,"43":3,"45":1,"46":1,"48":1,"49":1,"50":1,"51":1,"52":4,"53":2,"54":1,"55":1,"56":2,"57":2,"58":4,"60":1,"61":4,"62":4,"63":4,"64":4,"65":1,"66":1,"67":1,"68":1,"69":1,"70":1,"71":1,"72":1,"73":1,"75":3,"76":3,"77":3,"78":3,"79":3,"80":3,"81":3,"82":3,"83":3,"84":3,"85":3,"86":3,"87":3,"88":3,"89":3,"90":3,"91":3,"92":3,"94":1,"95":1,"96":1,"98":1,"99":4,"100":2,"101":1,"102":1,"103":2,"104":2,"105":4,"107":1,"108":4,"109":1,"110":1,"111":1,"113":3,"114":3,"115":1,"116":4,"117":2,"118":1,"119":1,"120":2,"121":2,"122":4},"branchMap":{"0":{"type":"branch","line":7,"loc":{"start":{"line":7,"column":44},"end":{"line":13,"column":1}},"locations":[{"start":{"line":7,"column":44},"end":{"line":13,"column":1}}]},"1":{"type":"branch","line":15,"loc":{"start":{"line":15,"column":24},"end":{"line":59,"column":1}},"locations":[{"start":{"line":15,"column":24},"end":{"line":59,"column":1}}]},"2":{"type":"branch","line":16,"loc":{"start":{"line":16,"column":41},"end":{"line":19,"column":3}},"locations":[{"start":{"line":16,"column":41},"end":{"line":19,"column":3}}]},"3":{"type":"branch","line":19,"loc":{"start":{"line":19,"column":2},"end":{"line":44,"column":6}},"locations":[{"start":{"line":19,"column":2},"end":{"line":44,"column":6}}]},"4":{"type":"branch","line":44,"loc":{"start":{"line":44,"column":5},"end":{"line":53,"column":11}},"locations":[{"start":{"line":44,"column":5},"end":{"line":53,"column":11}}]},"5":{"type":"branch","line":53,"loc":{"start":{"line":53,"column":2},"end":{"line":58,"column":3}},"locations":[{"start":{"line":53,"column":2},"end":{"line":58,"column":3}}]},"6":{"type":"branch","line":54,"loc":{"start":{"line":54,"column":46},"end":{"line":56,"column":5}},"locations":[{"start":{"line":54,"column":46},"end":{"line":56,"column":5}}]},"7":{"type":"branch","line":61,"loc":{"start":{"line":61,"column":24},"end":{"line":106,"column":1}},"locations":[{"start":{"line":61,"column":24},"end":{"line":106,"column":1}}]},"8":{"type":"branch","line":65,"loc":{"start":{"line":65,"column":41},"end":{"line":74,"column":3}},"locations":[{"start":{"line":65,"column":41},"end":{"line":74,"column":3}}]},"9":{"type":"branch","line":74,"loc":{"start":{"line":74,"column":2},"end":{"line":93,"column":6}},"locations":[{"start":{"line":74,"column":2},"end":{"line":93,"column":6}}]},"10":{"type":"branch","line":93,"loc":{"start":{"line":93,"column":5},"end":{"line":100,"column":11}},"locations":[{"start":{"line":93,"column":5},"end":{"line":100,"column":11}}]},"11":{"type":"branch","line":100,"loc":{"start":{"line":100,"column":2},"end":{"line":105,"column":3}},"locations":[{"start":{"line":100,"column":2},"end":{"line":105,"column":3}}]},"12":{"type":"branch","line":101,"loc":{"start":{"line":101,"column":46},"end":{"line":103,"column":5}},"locations":[{"start":{"line":101,"column":46},"end":{"line":103,"column":5}}]},"13":{"type":"branch","line":108,"loc":{"start":{"line":108,"column":29},"end":{"line":123,"column":1}},"locations":[{"start":{"line":108,"column":29},"end":{"line":123,"column":1}}]},"14":{"type":"branch","line":109,"loc":{"start":{"line":109,"column":42},"end":{"line":112,"column":3}},"locations":[{"start":{"line":109,"column":42},"end":{"line":112,"column":3}}]},"15":{"type":"branch","line":112,"loc":{"start":{"line":112,"column":2},"end":{"line":115,"column":65}},"locations":[{"start":{"line":112,"column":2},"end":{"line":115,"column":65}}]},"16":{"type":"branch","line":115,"loc":{"start":{"line":115,"column":64},"end":{"line":117,"column":11}},"locations":[{"start":{"line":115,"column":64},"end":{"line":117,"column":11}}]},"17":{"type":"branch","line":117,"loc":{"start":{"line":117,"column":2},"end":{"line":122,"column":3}},"locations":[{"start":{"line":117,"column":2},"end":{"line":122,"column":3}}]},"18":{"type":"branch","line":118,"loc":{"start":{"line":118,"column":46},"end":{"line":120,"column":5}},"locations":[{"start":{"line":118,"column":46},"end":{"line":120,"column":5}}]}},"b":{"0":[2],"1":[4],"2":[1],"3":[3],"4":[1],"5":[2],"6":[1],"7":[4],"8":[1],"9":[3],"10":[1],"11":[2],"12":[1],"13":[4],"14":[1],"15":[3],"16":[1],"17":[2],"18":[1]},"fnMap":{"0":{"name":"checkFileSystemAccessSupport","decl":{"start":{"line":7,"column":44},"end":{"line":13,"column":1}},"loc":{"start":{"line":7,"column":44},"end":{"line":13,"column":1}},"line":7},"1":{"name":"openFile","decl":{"start":{"line":15,"column":24},"end":{"line":59,"column":1}},"loc":{"start":{"line":15,"column":24},"end":{"line":59,"column":1}},"line":15},"2":{"name":"saveFile","decl":{"start":{"line":61,"column":24},"end":{"line":106,"column":1}},"loc":{"start":{"line":61,"column":24},"end":{"line":106,"column":1}},"line":61},"3":{"name":"openDirectory","decl":{"start":{"line":108,"column":29},"end":{"line":123,"column":1}},"loc":{"start":{"line":108,"column":29},"end":{"line":123,"column":1}},"line":108}},"f":{"0":2,"1":4,"2":4,"3":4}}
,"/home/ichimaru/git/pg_editor/src/lib/runtime/sandbox.ts": {"path":"/home/ichimaru/git/pg_editor/src/lib/runtime/sandbox.ts","all":false,"statementMap":{"5":{"start":{"line":6,"column":0},"end":{"line":6,"column":29}},"6":{"start":{"line":7,"column":0},"end":{"line":7,"column":49}},"7":{"start":{"line":8,"column":0},"end":{"line":8,"column":75}},"9":{"start":{"line":10,"column":0},"end":{"line":10,"column":17}},"10":{"start":{"line":11,"column":0},"end":{"line":11,"column":31}},"11":{"start":{"line":12,"column":0},"end":{"line":12,"column":3}},"13":{"start":{"line":14,"column":0},"end":{"line":14,"column":34}},"14":{"start":{"line":15,"column":0},"end":{"line":15,"column":51}},"15":{"start":{"line":16,"column":0},"end":{"line":16,"column":58}},"16":{"start":{"line":17,"column":0},"end":{"line":17,"column":34}},"17":{"start":{"line":18,"column":0},"end":{"line":18,"column":41}},"18":{"start":{"line":19,"column":0},"end":{"line":19,"column":9}},"19":{"start":{"line":20,"column":0},"end":{"line":20,"column":7}},"20":{"start":{"line":21,"column":0},"end":{"line":21,"column":6}},"21":{"start":{"line":22,"column":0},"end":{"line":22,"column":3}},"23":{"start":{"line":24,"column":0},"end":{"line":24,"column":64}},"24":{"start":{"line":25,"column":0},"end":{"line":25,"column":33}},"25":{"start":{"line":26,"column":0},"end":{"line":26,"column":3}},"27":{"start":{"line":28,"column":0},"end":{"line":28,"column":71}},"28":{"start":{"line":29,"column":0},"end":{"line":29,"column":18}},"30":{"start":{"line":31,"column":0},"end":{"line":31,"column":50}},"31":{"start":{"line":32,"column":0},"end":{"line":32,"column":38}},"32":{"start":{"line":33,"column":0},"end":{"line":33,"column":44}},"34":{"start":{"line":35,"column":0},"end":{"line":35,"column":57}},"35":{"start":{"line":36,"column":0},"end":{"line":36,"column":56}},"36":{"start":{"line":37,"column":0},"end":{"line":37,"column":47}},"38":{"start":{"line":39,"column":0},"end":{"line":39,"column":42}},"39":{"start":{"line":40,"column":0},"end":{"line":40,"column":3}},"41":{"start":{"line":42,"column":0},"end":{"line":42,"column":71}},"42":{"start":{"line":43,"column":0},"end":{"line":43,"column":36}},"43":{"start":{"line":44,"column":0},"end":{"line":44,"column":43}},"44":{"start":{"line":45,"column":0},"end":{"line":45,"column":5}},"46":{"start":{"line":47,"column":0},"end":{"line":47,"column":12}},"97":{"start":{"line":98,"column":0},"end":{"line":98,"column":19}},"109":{"start":{"line":110,"column":0},"end":{"line":110,"column":3}},"111":{"start":{"line":112,"column":0},"end":{"line":112,"column":53}},"112":{"start":{"line":113,"column":0},"end":{"line":113,"column":98}},"113":{"start":{"line":114,"column":0},"end":{"line":114,"column":98}},"115":{"start":{"line":116,"column":0},"end":{"line":116,"column":57}},"116":{"start":{"line":117,"column":0},"end":{"line":117,"column":61}},"117":{"start":{"line":118,"column":0},"end":{"line":118,"column":70}},"118":{"start":{"line":119,"column":0},"end":{"line":119,"column":7}},"119":{"start":{"line":120,"column":0},"end":{"line":120,"column":18}},"120":{"start":{"line":121,"column":0},"end":{"line":121,"column":6}},"122":{"start":{"line":123,"column":0},"end":{"line":123,"column":49}},"123":{"start":{"line":124,"column":0},"end":{"line":124,"column":41}},"124":{"start":{"line":125,"column":0},"end":{"line":125,"column":6}},"126":{"start":{"line":127,"column":0},"end":{"line":127,"column":46}},"127":{"start":{"line":128,"column":0},"end":{"line":128,"column":40}},"128":{"start":{"line":129,"column":0},"end":{"line":129,"column":57}},"129":{"start":{"line":130,"column":0},"end":{"line":130,"column":55}},"131":{"start":{"line":132,"column":0},"end":{"line":132,"column":15}},"132":{"start":{"line":133,"column":0},"end":{"line":133,"column":3}},"134":{"start":{"line":135,"column":0},"end":{"line":135,"column":20}},"135":{"start":{"line":136,"column":0},"end":{"line":136,"column":22}},"136":{"start":{"line":137,"column":0},"end":{"line":137,"column":26}},"137":{"start":{"line":138,"column":0},"end":{"line":138,"column":24}},"138":{"start":{"line":139,"column":0},"end":{"line":139,"column":5}},"139":{"start":{"line":140,"column":0},"end":{"line":140,"column":3}},"140":{"start":{"line":141,"column":0},"end":{"line":141,"column":1}}},"s":{"5":1,"6":17,"7":17,"9":17,"10":17,"11":17,"13":17,"14":17,"15":15,"16":9,"17":3,"18":3,"19":9,"20":17,"21":17,"23":17,"24":12,"25":12,"27":17,"28":4,"30":4,"31":4,"32":4,"34":4,"35":4,"36":4,"38":4,"39":4,"41":17,"42":4,"43":2,"44":2,"46":4,"97":4,"109":4,"111":17,"112":2,"113":2,"115":2,"116":1,"117":1,"118":1,"119":0,"120":2,"122":2,"123":1,"124":2,"126":2,"127":2,"128":2,"129":2,"131":2,"132":2,"134":17,"135":24,"136":4,"137":4,"138":4,"139":24,"140":17},"branchMap":{"0":{"type":"branch","line":6,"loc":{"start":{"line":6,"column":28},"end":{"line":141,"column":1}},"locations":[{"start":{"line":6,"column":28},"end":{"line":141,"column":1}}]},"1":{"type":"branch","line":10,"loc":{"start":{"line":10,"column":2},"end":{"line":12,"column":3}},"locations":[{"start":{"line":10,"column":2},"end":{"line":12,"column":3}}]},"2":{"type":"branch","line":14,"loc":{"start":{"line":14,"column":10},"end":{"line":22,"column":3}},"locations":[{"start":{"line":14,"column":10},"end":{"line":22,"column":3}}]},"3":{"type":"branch","line":15,"loc":{"start":{"line":15,"column":39},"end":{"line":21,"column":5}},"locations":[{"start":{"line":15,"column":39},"end":{"line":21,"column":5}}]},"4":{"type":"branch","line":16,"loc":{"start":{"line":16,"column":57},"end":{"line":20,"column":7}},"locations":[{"start":{"line":16,"column":57},"end":{"line":20,"column":7}}]},"5":{"type":"branch","line":17,"loc":{"start":{"line":17,"column":33},"end":{"line":19,"column":9}},"locations":[{"start":{"line":17,"column":33},"end":{"line":19,"column":9}}]},"6":{"type":"branch","line":24,"loc":{"start":{"line":24,"column":9},"end":{"line":26,"column":3}},"locations":[{"start":{"line":24,"column":9},"end":{"line":26,"column":3}}]},"7":{"type":"branch","line":28,"loc":{"start":{"line":28,"column":2},"end":{"line":40,"column":3}},"locations":[{"start":{"line":28,"column":2},"end":{"line":40,"column":3}}]},"8":{"type":"branch","line":42,"loc":{"start":{"line":42,"column":10},"end":{"line":110,"column":3}},"locations":[{"start":{"line":42,"column":10},"end":{"line":110,"column":3}}]},"9":{"type":"branch","line":43,"loc":{"start":{"line":43,"column":35},"end":{"line":45,"column":5}},"locations":[{"start":{"line":43,"column":35},"end":{"line":45,"column":5}}]},"10":{"type":"branch","line":112,"loc":{"start":{"line":112,"column":10},"end":{"line":133,"column":3}},"locations":[{"start":{"line":112,"column":10},"end":{"line":133,"column":3}}]},"11":{"type":"branch","line":116,"loc":{"start":{"line":116,"column":37},"end":{"line":121,"column":5}},"locations":[{"start":{"line":116,"column":37},"end":{"line":121,"column":5}}]},"12":{"type":"branch","line":117,"loc":{"start":{"line":117,"column":31},"end":{"line":117,"column":60}},"locations":[{"start":{"line":117,"column":31},"end":{"line":117,"column":60}}]},"13":{"type":"branch","line":119,"loc":{"start":{"line":119,"column":6},"end":{"line":120,"column":18}},"locations":[{"start":{"line":119,"column":6},"end":{"line":120,"column":18}}]},"14":{"type":"branch","line":123,"loc":{"start":{"line":123,"column":37},"end":{"line":125,"column":5}},"locations":[{"start":{"line":123,"column":37},"end":{"line":125,"column":5}}]},"15":{"type":"branch","line":135,"loc":{"start":{"line":135,"column":9},"end":{"line":140,"column":3}},"locations":[{"start":{"line":135,"column":9},"end":{"line":140,"column":3}}]},"16":{"type":"branch","line":136,"loc":{"start":{"line":136,"column":21},"end":{"line":139,"column":5}},"locations":[{"start":{"line":136,"column":21},"end":{"line":139,"column":5}}]}},"b":{"0":[17],"1":[17],"2":[17],"3":[15],"4":[9],"5":[3],"6":[12],"7":[4],"8":[4],"9":[2],"10":[2],"11":[1],"12":[0],"13":[0],"14":[1],"15":[24],"16":[4]},"fnMap":{"0":{"name":"<instance_members_initializer>","decl":{"start":{"line":6,"column":28},"end":{"line":141,"column":1}},"loc":{"start":{"line":6,"column":28},"end":{"line":141,"column":1}},"line":6},"1":{"name":"SandboxRuntime","decl":{"start":{"line":10,"column":2},"end":{"line":12,"column":3}},"loc":{"start":{"line":10,"column":2},"end":{"line":12,"column":3}},"line":10},"2":{"name":"setupMessageListener","decl":{"start":{"line":14,"column":10},"end":{"line":22,"column":3}},"loc":{"start":{"line":14,"column":10},"end":{"line":22,"column":3}},"line":14},"3":{"name":"onMessage","decl":{"start":{"line":24,"column":9},"end":{"line":26,"column":3}},"loc":{"start":{"line":24,"column":9},"end":{"line":26,"column":3}},"line":24},"4":{"name":"execute","decl":{"start":{"line":28,"column":2},"end":{"line":40,"column":3}},"loc":{"start":{"line":28,"column":2},"end":{"line":40,"column":3}},"line":28},"5":{"name":"generateSandboxHTML","decl":{"start":{"line":42,"column":10},"end":{"line":110,"column":3}},"loc":{"start":{"line":42,"column":10},"end":{"line":110,"column":3}},"line":42},"6":{"name":"transpileTypeScript","decl":{"start":{"line":112,"column":10},"end":{"line":133,"column":3}},"loc":{"start":{"line":112,"column":10},"end":{"line":133,"column":3}},"line":112},"7":{"name":"cleanup","decl":{"start":{"line":135,"column":9},"end":{"line":140,"column":3}},"loc":{"start":{"line":135,"column":9},"end":{"line":140,"column":3}},"line":135}},"f":{"0":17,"1":17,"2":17,"3":12,"4":4,"5":4,"6":2,"7":24}}
,"/home/ichimaru/git/pg_editor/src/test/mocks/monaco-editor.ts": {"path":"/home/ichimaru/git/pg_editor/src/test/mocks/monaco-editor.ts","all":false,"statementMap":{"0":{"start":{"line":1,"column":0},"end":{"line":1,"column":23}},"1":{"start":{"line":2,"column":0},"end":{"line":2,"column":18}},"2":{"start":{"line":3,"column":0},"end":{"line":3,"column":22}},"3":{"start":{"line":4,"column":0},"end":{"line":4,"column":22}},"4":{"start":{"line":5,"column":0},"end":{"line":5,"column":24}},"5":{"start":{"line":6,"column":0},"end":{"line":6,"column":7}},"6":{"start":{"line":7,"column":0},"end":{"line":7,"column":23}},"7":{"start":{"line":8,"column":0},"end":{"line":8,"column":23}},"8":{"start":{"line":9,"column":0},"end":{"line":9,"column":59}},"9":{"start":{"line":10,"column":0},"end":{"line":10,"column":28}},"10":{"start":{"line":11,"column":0},"end":{"line":11,"column":21}},"11":{"start":{"line":12,"column":0},"end":{"line":12,"column":5}},"12":{"start":{"line":13,"column":0},"end":{"line":13,"column":26}},"13":{"start":{"line":14,"column":0},"end":{"line":14,"column":21}},"14":{"start":{"line":15,"column":0},"end":{"line":15,"column":24}},"15":{"start":{"line":16,"column":0},"end":{"line":16,"column":1}},"17":{"start":{"line":18,"column":0},"end":{"line":18,"column":26}},"18":{"start":{"line":19,"column":0},"end":{"line":19,"column":15}},"19":{"start":{"line":20,"column":0},"end":{"line":20,"column":25}},"20":{"start":{"line":21,"column":0},"end":{"line":21,"column":35}},"21":{"start":{"line":22,"column":0},"end":{"line":22,"column":38}},"22":{"start":{"line":23,"column":0},"end":{"line":23,"column":6}},"23":{"start":{"line":24,"column":0},"end":{"line":24,"column":4}},"24":{"start":{"line":25,"column":0},"end":{"line":25,"column":1}},"26":{"start":{"line":27,"column":0},"end":{"line":27,"column":16}},"27":{"start":{"line":28,"column":0},"end":{"line":28,"column":9}},"28":{"start":{"line":29,"column":0},"end":{"line":29,"column":12}},"29":{"start":{"line":30,"column":0},"end":{"line":30,"column":1}}},"s":{"0":1,"1":1,"2":0,"3":0,"4":0,"5":0,"6":0,"7":0,"8":0,"9":0,"10":0,"11":0,"12":1,"13":1,"14":1,"15":1,"17":1,"18":1,"19":1,"20":1,"21":1,"22":1,"23":1,"24":1,"26":1,"27":1,"28":1,"29":1},"branchMap":{},"b":{},"fnMap":{"0":{"name":"create","decl":{"start":{"line":2,"column":10},"end":{"line":12,"column":5}},"loc":{"start":{"line":2,"column":10},"end":{"line":12,"column":5}},"line":2},"1":{"name":"createModel","decl":{"start":{"line":13,"column":15},"end":{"line":13,"column":26}},"loc":{"start":{"line":13,"column":15},"end":{"line":13,"column":26}},"line":13},"2":{"name":"setTheme","decl":{"start":{"line":14,"column":12},"end":{"line":14,"column":21}},"loc":{"start":{"line":14,"column":12},"end":{"line":14,"column":21}},"line":14},"3":{"name":"defineTheme","decl":{"start":{"line":15,"column":15},"end":{"line":15,"column":24}},"loc":{"start":{"line":15,"column":15},"end":{"line":15,"column":24}},"line":15},"4":{"name":"setCompilerOptions","decl":{"start":{"line":21,"column":26},"end":{"line":21,"column":35}},"loc":{"start":{"line":21,"column":26},"end":{"line":21,"column":35}},"line":21},"5":{"name":"setDiagnosticsOptions","decl":{"start":{"line":22,"column":29},"end":{"line":22,"column":38}},"loc":{"start":{"line":22,"column":29},"end":{"line":22,"column":38}},"line":22}},"f":{"0":0,"1":0,"2":0,"3":0,"4":0,"5":0}}
,"/home/ichimaru/git/pg_editor/src/types/index.ts": {"path":"/home/ichimaru/git/pg_editor/src/types/index.ts","all":true,"statementMap":{},"s":{},"branchMap":{"0":{"type":"branch","line":1,"loc":{"start":{"line":1,"column":747},"end":{"line":44,"column":1}},"locations":[{"start":{"line":1,"column":747},"end":{"line":44,"column":1}}]}},"b":{"0":[1]},"fnMap":{"0":{"name":"(empty-report)","decl":{"start":{"line":1,"column":747},"end":{"line":44,"column":1}},"loc":{"start":{"line":1,"column":747},"end":{"line":44,"column":1}},"line":1}},"f":{"0":1}}
}
